  [1m[36m (6.8ms)[0m  [1mCREATE TABLE "schema_migrations" ("version" varchar NOT NULL) [0m
  [1m[35m (0.1ms)[0m  select sqlite_version(*)
  [1m[36m (5.7ms)[0m  [1mCREATE UNIQUE INDEX "unique_schema_migrations" ON "schema_migrations" ("version")[0m
  [1m[35mActiveRecord::SchemaMigration Load (0.1ms)[0m  SELECT "schema_migrations".* FROM "schema_migrations"
Migrating to CreateMovies (20111119180638)
  [1m[36m (0.0ms)[0m  [1mbegin transaction[0m
DEPRECATION WARNING: `#timestamps` was called without specifying an option for `null`. In Rails 5, this behavior will change to `null: false`. You should manually specify `null: true` to prevent the behavior of your existing migrations from changing. (called from block in up at /home/ec2-user/environment/hw-acceptance-unit-test-cycle/rottenpotatoes/db/migrate/20111119180638_create_movies.rb:10)
  [1m[35m (0.2ms)[0m  CREATE TABLE "movies" ("id" INTEGER PRIMARY KEY AUTOINCREMENT NOT NULL, "title" varchar, "rating" varchar, "description" text, "release_date" datetime, "created_at" datetime, "updated_at" datetime) 
  [1m[36mSQL (0.1ms)[0m  [1mINSERT INTO "schema_migrations" ("version") VALUES (?)[0m  [["version", "20111119180638"]]
  [1m[35m (5.9ms)[0m  commit transaction
  [1m[36mActiveRecord::SchemaMigration Load (0.1ms)[0m  [1mSELECT "schema_migrations".* FROM "schema_migrations"[0m
  [1m[36m (4.8ms)[0m  [1mCREATE TABLE "movies" ("id" INTEGER PRIMARY KEY AUTOINCREMENT NOT NULL, "title" varchar, "rating" varchar, "description" text, "release_date" datetime, "created_at" datetime, "updated_at" datetime) [0m
  [1m[35m (4.1ms)[0m  CREATE TABLE "schema_migrations" ("version" varchar NOT NULL) 
  [1m[36m (0.1ms)[0m  [1mselect sqlite_version(*)[0m
  [1m[35m (5.7ms)[0m  CREATE UNIQUE INDEX "unique_schema_migrations" ON "schema_migrations" ("version")
  [1m[36m (0.1ms)[0m  [1mSELECT version FROM "schema_migrations"[0m
  [1m[35m (5.0ms)[0m  INSERT INTO "schema_migrations" (version) VALUES ('20111119180638')
  [1m[36mActiveRecord::SchemaMigration Load (0.1ms)[0m  [1mSELECT "schema_migrations".* FROM "schema_migrations"[0m
Migrating to AddDirectorToMovie (20191017180350)
  [1m[35m (0.1ms)[0m  begin transaction
  [1m[36m (0.5ms)[0m  [1mALTER TABLE "movies" ADD "director" varchar[0m
  [1m[35mSQL (0.1ms)[0m  INSERT INTO "schema_migrations" ("version") VALUES (?)  [["version", "20191017180350"]]
  [1m[36m (4.5ms)[0m  [1mcommit transaction[0m
  [1m[35mActiveRecord::SchemaMigration Load (0.1ms)[0m  SELECT "schema_migrations".* FROM "schema_migrations"
  [1m[36m (6.2ms)[0m  [1mCREATE TABLE "movies" ("id" INTEGER PRIMARY KEY AUTOINCREMENT NOT NULL, "title" varchar, "rating" varchar, "description" text, "release_date" datetime, "created_at" datetime, "updated_at" datetime, "director" varchar) [0m
  [1m[35m (5.0ms)[0m  CREATE TABLE "schema_migrations" ("version" varchar NOT NULL) 
  [1m[36m (0.1ms)[0m  [1mselect sqlite_version(*)[0m
  [1m[35m (4.3ms)[0m  CREATE UNIQUE INDEX "unique_schema_migrations" ON "schema_migrations" ("version")
  [1m[36m (0.1ms)[0m  [1mSELECT version FROM "schema_migrations"[0m
  [1m[35m (5.7ms)[0m  INSERT INTO "schema_migrations" (version) VALUES ('20191017180350')
  [1m[36m (4.4ms)[0m  [1mINSERT INTO "schema_migrations" (version) VALUES ('20111119180638')[0m


Started GET "/" for 165.91.12.153 at 2019-10-17 18:13:44 +0000


Started GET "/movies" for 165.91.12.153 at 2019-10-17 18:13:44 +0000
Processing by MoviesController#index as HTML
  [1m[36mMovie Load (0.1ms)[0m  [1mSELECT "movies".* FROM "movies" WHERE "movies"."rating" IN ('G', 'PG', 'PG-13', 'NC-17', 'R')[0m
  Rendered movies/index.html.haml within layouts/application (11.9ms)
Completed 200 OK in 320ms (Views: 293.9ms | ActiveRecord: 1.2ms)


Started GET "/assets/application.self-6f9b50b1298248f9ffdfe129ec4b3e377026ffe33aae3e37ecbf3da21d69be77.css?body=1" for 165.91.12.153 at 2019-10-17 18:13:45 +0000


Started GET "/assets/jquery.self-660adc51e0224b731d29f575a6f1ec167ba08ad06ed5deca4f1e8654c135bf4c.js?body=1" for 165.91.12.153 at 2019-10-17 18:13:45 +0000


Started GET "/assets/jquery_ujs.self-e87806d0cf4489aeb1bb7288016024e8de67fd18db693fe026fe3907581e53cd.js?body=1" for 165.91.12.153 at 2019-10-17 18:13:45 +0000


Started GET "/assets/application.self-ac4347b135ab8935f2dd20089f2acc8bec1d6b2ad528a80fcb03cd445dbd4d27.js?body=1" for 165.91.12.153 at 2019-10-17 18:13:45 +0000


Started GET "/movies/new" for 165.91.12.153 at 2019-10-17 18:14:02 +0000
Processing by MoviesController#new as HTML
  Rendered movies/new.html.haml within layouts/application (18.5ms)
Completed 200 OK in 26ms (Views: 25.8ms | ActiveRecord: 0.0ms)


Started GET "/movies/new" for 165.91.12.153 at 2019-10-17 18:14:34 +0000
Processing by MoviesController#new as HTML
  Rendered movies/new.html.haml within layouts/application (2.3ms)
Completed 200 OK in 11ms (Views: 10.4ms | ActiveRecord: 0.0ms)


Started GET "/movies" for 165.91.12.153 at 2019-10-17 18:22:43 +0000
Processing by MoviesController#index as HTML
  [1m[35mMovie Load (0.1ms)[0m  SELECT "movies".* FROM "movies" WHERE "movies"."rating" IN ('G', 'PG', 'PG-13', 'NC-17', 'R')
  Rendered movies/index.html.haml within layouts/application (2.6ms)
Completed 200 OK in 12ms (Views: 8.7ms | ActiveRecord: 0.5ms)


Started GET "/movies" for 165.91.12.153 at 2019-10-17 18:22:45 +0000
Processing by MoviesController#index as HTML
  [1m[36mMovie Load (0.2ms)[0m  [1mSELECT "movies".* FROM "movies" WHERE "movies"."rating" IN ('G', 'PG', 'PG-13', 'NC-17', 'R')[0m
  Rendered movies/index.html.haml within layouts/application (1.8ms)
Completed 200 OK in 9ms (Views: 8.3ms | ActiveRecord: 0.2ms)


Started GET "/movies/new" for 165.91.12.153 at 2019-10-17 18:22:49 +0000
Processing by MoviesController#new as HTML
  Rendered movies/new.html.haml within layouts/application (2.2ms)
Completed 200 OK in 9ms (Views: 8.8ms | ActiveRecord: 0.0ms)
  [1m[36mActiveRecord::SchemaMigration Load (0.1ms)[0m  [1mSELECT "schema_migrations".* FROM "schema_migrations"[0m
  [1m[35mActiveRecord::SchemaMigration Load (0.1ms)[0m  SELECT "schema_migrations".* FROM "schema_migrations"
  [1m[36m (5.5ms)[0m  [1mCREATE TABLE "movies" ("id" INTEGER PRIMARY KEY AUTOINCREMENT NOT NULL, "title" varchar, "rating" varchar, "description" text, "release_date" datetime, "created_at" datetime, "updated_at" datetime, "director" varchar) [0m
  [1m[35m (4.4ms)[0m  CREATE TABLE "schema_migrations" ("version" varchar NOT NULL) 
  [1m[36m (0.1ms)[0m  [1mselect sqlite_version(*)[0m
  [1m[35m (5.2ms)[0m  CREATE UNIQUE INDEX "unique_schema_migrations" ON "schema_migrations" ("version")
  [1m[36m (0.1ms)[0m  [1mSELECT version FROM "schema_migrations"[0m
  [1m[35m (4.5ms)[0m  INSERT INTO "schema_migrations" (version) VALUES ('20191017180350')
  [1m[36m (4.8ms)[0m  [1mINSERT INTO "schema_migrations" (version) VALUES ('20111119180638')[0m
  [1m[36mActiveRecord::SchemaMigration Load (0.1ms)[0m  [1mSELECT "schema_migrations".* FROM "schema_migrations"[0m
  [1m[35mActiveRecord::SchemaMigration Load (0.1ms)[0m  SELECT "schema_migrations".* FROM "schema_migrations"


Started GET "/" for 165.91.12.153 at 2019-10-21 14:36:05 +0000


Started GET "/movies" for 165.91.12.153 at 2019-10-21 14:36:05 +0000
Processing by MoviesController#index as HTML
  [1m[36mMovie Load (0.1ms)[0m  [1mSELECT "movies".* FROM "movies" WHERE "movies"."rating" IN ('G', 'PG', 'PG-13', 'NC-17', 'R')[0m
  Rendered movies/index.html.haml within layouts/application (9.6ms)
Completed 200 OK in 175ms (Views: 148.1ms | ActiveRecord: 1.2ms)


Started GET "/movies/new" for 165.91.12.153 at 2019-10-21 14:36:12 +0000
Processing by MoviesController#new as HTML
  Rendered movies/new.html.haml within layouts/application (12.7ms)
Completed 200 OK in 21ms (Views: 20.9ms | ActiveRecord: 0.0ms)
  [1m[36m (4.2ms)[0m  [1mDROP TABLE "movies"[0m
  [1m[35m (4.8ms)[0m  CREATE TABLE "movies" ("id" INTEGER PRIMARY KEY AUTOINCREMENT NOT NULL, "title" varchar, "rating" varchar, "description" text, "release_date" datetime, "created_at" datetime, "updated_at" datetime, "director" varchar) 
  [1m[36m (0.1ms)[0m  [1mSELECT version FROM "schema_migrations"[0m
  [1m[35m (9.4ms)[0m  DROP TABLE "movies"
  [1m[36m (7.3ms)[0m  [1mCREATE TABLE "movies" ("id" INTEGER PRIMARY KEY AUTOINCREMENT NOT NULL, "title" varchar, "rating" varchar, "description" text, "release_date" datetime, "created_at" datetime, "updated_at" datetime, "director" varchar) [0m
  [1m[35m (0.1ms)[0m  SELECT version FROM "schema_migrations"
  [1m[36mActiveRecord::SchemaMigration Load (0.1ms)[0m  [1mSELECT "schema_migrations".* FROM "schema_migrations"[0m
  [1m[35m (0.1ms)[0m  begin transaction
  [1m[36mSQL (0.2ms)[0m  [1mINSERT INTO "movies" ("title", "rating", "release_date", "created_at", "updated_at") VALUES (?, ?, ?, ?, ?)[0m  [["title", "Aladdin"], ["rating", "G"], ["release_date", "1992-11-25 00:00:00.000000"], ["created_at", "2019-10-21 14:37:05.710386"], ["updated_at", "2019-10-21 14:37:05.710386"]]
  [1m[35m (4.6ms)[0m  commit transaction
  [1m[36m (0.0ms)[0m  [1mbegin transaction[0m
  [1m[35mSQL (0.1ms)[0m  INSERT INTO "movies" ("title", "rating", "release_date", "created_at", "updated_at") VALUES (?, ?, ?, ?, ?)  [["title", "The Terminator"], ["rating", "R"], ["release_date", "1984-10-26 00:00:00.000000"], ["created_at", "2019-10-21 14:37:05.716941"], ["updated_at", "2019-10-21 14:37:05.716941"]]
  [1m[36m (6.5ms)[0m  [1mcommit transaction[0m
  [1m[35m (0.0ms)[0m  begin transaction
  [1m[36mSQL (0.1ms)[0m  [1mINSERT INTO "movies" ("title", "rating", "release_date", "created_at", "updated_at") VALUES (?, ?, ?, ?, ?)[0m  [["title", "When Harry Met Sally"], ["rating", "R"], ["release_date", "1989-07-21 00:00:00.000000"], ["created_at", "2019-10-21 14:37:05.724844"], ["updated_at", "2019-10-21 14:37:05.724844"]]
  [1m[35m (7.4ms)[0m  commit transaction
  [1m[36m (0.1ms)[0m  [1mbegin transaction[0m
  [1m[35mSQL (0.1ms)[0m  INSERT INTO "movies" ("title", "rating", "release_date", "created_at", "updated_at") VALUES (?, ?, ?, ?, ?)  [["title", "The Help"], ["rating", "PG-13"], ["release_date", "2011-08-10 00:00:00.000000"], ["created_at", "2019-10-21 14:37:05.733822"], ["updated_at", "2019-10-21 14:37:05.733822"]]
  [1m[36m (4.5ms)[0m  [1mcommit transaction[0m
  [1m[35m (0.0ms)[0m  begin transaction
  [1m[36mSQL (0.1ms)[0m  [1mINSERT INTO "movies" ("title", "rating", "release_date", "created_at", "updated_at") VALUES (?, ?, ?, ?, ?)[0m  [["title", "Chocolat"], ["rating", "PG-13"], ["release_date", "2001-01-05 00:00:00.000000"], ["created_at", "2019-10-21 14:37:05.739699"], ["updated_at", "2019-10-21 14:37:05.739699"]]
  [1m[35m (5.5ms)[0m  commit transaction
  [1m[36m (0.0ms)[0m  [1mbegin transaction[0m
  [1m[35mSQL (0.1ms)[0m  INSERT INTO "movies" ("title", "rating", "release_date", "created_at", "updated_at") VALUES (?, ?, ?, ?, ?)  [["title", "Amelie"], ["rating", "R"], ["release_date", "2001-04-25 00:00:00.000000"], ["created_at", "2019-10-21 14:37:05.746401"], ["updated_at", "2019-10-21 14:37:05.746401"]]
  [1m[36m (4.5ms)[0m  [1mcommit transaction[0m
  [1m[35m (0.0ms)[0m  begin transaction
  [1m[36mSQL (0.1ms)[0m  [1mINSERT INTO "movies" ("title", "rating", "release_date", "created_at", "updated_at") VALUES (?, ?, ?, ?, ?)[0m  [["title", "2001: A Space Odyssey"], ["rating", "G"], ["release_date", "1968-04-06 00:00:00.000000"], ["created_at", "2019-10-21 14:37:05.752089"], ["updated_at", "2019-10-21 14:37:05.752089"]]
  [1m[35m (6.7ms)[0m  commit transaction
  [1m[36m (0.0ms)[0m  [1mbegin transaction[0m
  [1m[35mSQL (0.1ms)[0m  INSERT INTO "movies" ("title", "rating", "release_date", "created_at", "updated_at") VALUES (?, ?, ?, ?, ?)  [["title", "The Incredibles"], ["rating", "PG"], ["release_date", "2004-11-05 00:00:00.000000"], ["created_at", "2019-10-21 14:37:05.760033"], ["updated_at", "2019-10-21 14:37:05.760033"]]
  [1m[36m (6.6ms)[0m  [1mcommit transaction[0m
  [1m[35m (0.1ms)[0m  begin transaction
  [1m[36mSQL (0.1ms)[0m  [1mINSERT INTO "movies" ("title", "rating", "release_date", "created_at", "updated_at") VALUES (?, ?, ?, ?, ?)[0m  [["title", "Raiders of the Lost Ark"], ["rating", "PG"], ["release_date", "1981-06-12 00:00:00.000000"], ["created_at", "2019-10-21 14:37:05.767915"], ["updated_at", "2019-10-21 14:37:05.767915"]]
  [1m[35m (5.3ms)[0m  commit transaction
  [1m[36m (0.0ms)[0m  [1mbegin transaction[0m
  [1m[35mSQL (0.1ms)[0m  INSERT INTO "movies" ("title", "rating", "release_date", "created_at", "updated_at") VALUES (?, ?, ?, ?, ?)  [["title", "Chicken Run"], ["rating", "G"], ["release_date", "2000-06-21 00:00:00.000000"], ["created_at", "2019-10-21 14:37:05.774492"], ["updated_at", "2019-10-21 14:37:05.774492"]]
  [1m[36m (4.5ms)[0m  [1mcommit transaction[0m


Started GET "/" for 165.91.12.153 at 2019-10-21 14:37:12 +0000


Started GET "/movies" for 165.91.12.153 at 2019-10-21 14:37:12 +0000
Processing by MoviesController#index as HTML
  [1m[36mMovie Load (0.2ms)[0m  [1mSELECT "movies".* FROM "movies" WHERE "movies"."rating" IN ('G', 'PG', 'PG-13', 'NC-17', 'R')[0m
  Rendered movies/index.html.haml within layouts/application (23.4ms)
Completed 200 OK in 210ms (Views: 158.1ms | ActiveRecord: 1.4ms)


Started GET "/movies/new" for 165.91.12.153 at 2019-10-21 14:37:29 +0000
Processing by MoviesController#new as HTML
  Rendered movies/new.html.haml within layouts/application (8.7ms)
Completed 200 OK in 16ms (Views: 15.9ms | ActiveRecord: 0.0ms)
  [1m[36mActiveRecord::SchemaMigration Load (0.1ms)[0m  [1mSELECT "schema_migrations".* FROM "schema_migrations"[0m
  [1m[35mActiveRecord::SchemaMigration Load (0.1ms)[0m  SELECT "schema_migrations".* FROM "schema_migrations"
  [1m[36m (9.1ms)[0m  [1mCREATE TABLE "movies" ("id" INTEGER PRIMARY KEY AUTOINCREMENT NOT NULL, "title" varchar, "rating" varchar, "description" text, "release_date" datetime, "created_at" datetime, "updated_at" datetime, "director" varchar) [0m
  [1m[35m (4.9ms)[0m  CREATE TABLE "schema_migrations" ("version" varchar NOT NULL) 
  [1m[36m (0.1ms)[0m  [1mselect sqlite_version(*)[0m
  [1m[35m (5.2ms)[0m  CREATE UNIQUE INDEX "unique_schema_migrations" ON "schema_migrations" ("version")
  [1m[36m (0.1ms)[0m  [1mSELECT version FROM "schema_migrations"[0m
  [1m[35m (4.4ms)[0m  INSERT INTO "schema_migrations" (version) VALUES ('20191017180350')
  [1m[36m (5.2ms)[0m  [1mINSERT INTO "schema_migrations" (version) VALUES ('20111119180638')[0m


Started GET "/" for 165.91.12.153 at 2019-10-21 14:39:17 +0000


Started GET "/movies" for 165.91.12.153 at 2019-10-21 14:39:18 +0000
Processing by MoviesController#index as HTML
  [1m[36mMovie Load (0.2ms)[0m  [1mSELECT "movies".* FROM "movies" WHERE "movies"."rating" IN ('G', 'PG', 'PG-13', 'NC-17', 'R')[0m
  Rendered movies/index.html.haml within layouts/application (16.4ms)
Completed 200 OK in 168ms (Views: 140.8ms | ActiveRecord: 1.4ms)


Started GET "/movies/new" for 165.91.12.153 at 2019-10-21 14:39:22 +0000
Processing by MoviesController#new as HTML
  Rendered movies/new.html.haml within layouts/application (8.6ms)
Completed 200 OK in 16ms (Views: 15.7ms | ActiveRecord: 0.0ms)


Started GET "/movies" for 165.91.12.153 at 2019-10-21 14:41:31 +0000
Processing by MoviesController#index as HTML
  [1m[35mMovie Load (0.2ms)[0m  SELECT "movies".* FROM "movies" WHERE "movies"."rating" IN ('G', 'PG', 'PG-13', 'NC-17', 'R')
  Rendered movies/index.html.haml within layouts/application (6.2ms)
Completed 200 OK in 14ms (Views: 13.2ms | ActiveRecord: 0.2ms)


Started GET "/movies/1" for 165.91.12.153 at 2019-10-21 14:41:54 +0000
Processing by MoviesController#show as HTML
  Parameters: {"id"=>"1"}
  [1m[36mMovie Load (0.2ms)[0m  [1mSELECT  "movies".* FROM "movies" WHERE "movies"."id" = ? LIMIT 1[0m  [["id", 1]]
  Rendered movies/show.html.haml within layouts/application (2.3ms)
Completed 200 OK in 13ms (Views: 10.0ms | ActiveRecord: 0.2ms)


Started GET "/movies/new" for 165.91.12.153 at 2019-10-21 14:41:59 +0000
Processing by MoviesController#new as HTML
  Rendered movies/new.html.haml within layouts/application (2.3ms)
Completed 200 OK in 10ms (Views: 9.7ms | ActiveRecord: 0.0ms)


Started GET "/movies/new" for 165.91.12.153 at 2019-10-21 14:43:43 +0000
Processing by MoviesController#new as HTML
  Rendered movies/new.html.haml within layouts/application (3.8ms)
Completed 200 OK in 12ms (Views: 11.4ms | ActiveRecord: 0.0ms)


Started GET "/movies" for 165.91.12.153 at 2019-10-21 14:43:47 +0000
Processing by MoviesController#index as HTML
  [1m[35mMovie Load (0.3ms)[0m  SELECT "movies".* FROM "movies" WHERE "movies"."rating" IN ('G', 'PG', 'PG-13', 'NC-17', 'R')
  Rendered movies/index.html.haml within layouts/application (3.9ms)
Completed 200 OK in 12ms (Views: 11.3ms | ActiveRecord: 0.3ms)


Started GET "/movies/1" for 165.91.12.153 at 2019-10-21 14:57:49 +0000
Processing by MoviesController#show as HTML
  Parameters: {"id"=>"1"}
  [1m[36mMovie Load (0.1ms)[0m  [1mSELECT  "movies".* FROM "movies" WHERE "movies"."id" = ? LIMIT 1[0m  [["id", 1]]
  Rendered movies/show.html.haml within layouts/application (1.0ms)
Completed 200 OK in 11ms (Views: 10.4ms | ActiveRecord: 0.1ms)


Started GET "/movies/1/edit" for 165.91.12.153 at 2019-10-21 14:57:51 +0000
Processing by MoviesController#edit as HTML
  Parameters: {"id"=>"1"}
  [1m[35mMovie Load (0.1ms)[0m  SELECT  "movies".* FROM "movies" WHERE "movies"."id" = ? LIMIT 1  [["id", 1]]
  Rendered movies/edit.html.haml within layouts/application (5.9ms)
Completed 200 OK in 16ms (Views: 15.1ms | ActiveRecord: 0.1ms)


Started PUT "/movies/1" for 165.91.12.153 at 2019-10-21 14:57:54 +0000
Processing by MoviesController#update as HTML
  Parameters: {"utf8"=>"✓", "authenticity_token"=>"bOV2b/lYsY3P7h0jnQSsoCP34zHZ70e/yAp8GiqZi92mpYtsxNHNPjOULVjLIr/e6IdQFjSnIHkdplzwPS5YZQ==", "movie"=>{"title"=>"Aladdin", "director"=>"", "rating"=>"G", "release_date(1i)"=>"1992", "release_date(2i)"=>"11", "release_date(3i)"=>"25"}, "commit"=>"Update Movie Info", "id"=>"1"}
  [1m[36mMovie Load (0.1ms)[0m  [1mSELECT  "movies".* FROM "movies" WHERE "movies"."id" = ? LIMIT 1[0m  [["id", 1]]
  [1m[35m (0.1ms)[0m  begin transaction
  [1m[36mSQL (0.2ms)[0m  [1mUPDATE "movies" SET "director" = ?, "updated_at" = ? WHERE "movies"."id" = ?[0m  [["director", ""], ["updated_at", "2019-10-21 14:57:54.221468"], ["id", 1]]
  [1m[35m (4.7ms)[0m  commit transaction
Redirected to https://eac5bb1fbddb45b3b90731c455357219.vfs.cloud9.us-east-2.amazonaws.com/movies/1
Completed 302 Found in 10ms (ActiveRecord: 5.1ms)


Started GET "/movies/1" for 165.91.12.153 at 2019-10-21 14:57:54 +0000
Processing by MoviesController#show as HTML
  Parameters: {"id"=>"1"}
  [1m[36mMovie Load (0.1ms)[0m  [1mSELECT  "movies".* FROM "movies" WHERE "movies"."id" = ? LIMIT 1[0m  [["id", 1]]
  Rendered movies/show.html.haml within layouts/application (1.4ms)
Completed 200 OK in 20ms (Views: 18.6ms | ActiveRecord: 0.1ms)


Started GET "/movies" for 165.91.12.153 at 2019-10-21 14:57:56 +0000
Processing by MoviesController#index as HTML
  [1m[35mMovie Load (0.2ms)[0m  SELECT "movies".* FROM "movies" WHERE "movies"."rating" IN ('G', 'PG', 'PG-13', 'NC-17', 'R')
  Rendered movies/index.html.haml within layouts/application (5.7ms)
Completed 200 OK in 18ms (Views: 17.0ms | ActiveRecord: 0.2ms)


Started GET "/movies" for 165.91.12.153 at 2019-10-21 15:41:15 +0000
Processing by MoviesController#index as HTML
  [1m[36mMovie Load (0.2ms)[0m  [1mSELECT "movies".* FROM "movies" WHERE "movies"."rating" IN ('G', 'PG', 'PG-13', 'NC-17', 'R')[0m
  Rendered movies/index.html.haml within layouts/application (11.7ms)
Completed 200 OK in 26ms (Views: 22.7ms | ActiveRecord: 0.6ms)


Started GET "/movies/1" for 165.91.12.153 at 2019-10-21 15:41:24 +0000
Processing by MoviesController#show as HTML
  Parameters: {"id"=>"1"}
  [1m[35mMovie Load (0.2ms)[0m  SELECT  "movies".* FROM "movies" WHERE "movies"."id" = ? LIMIT 1  [["id", 1]]
  Rendered movies/show.html.haml within layouts/application (46.2ms)
Completed 500 Internal Server Error in 50ms (ActiveRecord: 0.2ms)

ActionView::Template::Error (undefined local variable or method `same_director_path' for #<#<Class:0x007f82ede11280>:0x007f82ee246698>):
    19: 
    20: = link_to 'Edit', edit_movie_path(@movie)
    21: = button_to 'Delete', movie_path(@movie), :method => :delete, :confirm => 'Are you sure?'
    22: = link_to 'Find Movies With Same Director', same_director_path
    23: = link_to 'Back to movie list', movies_path
  app/views/movies/show.html.haml:22:in `_app_views_movies_show_html_haml___3880496731445870650_70100158917100'


  Rendered /home/ec2-user/.rvm/gems/ruby-2.4.0/gems/actionpack-4.2.10/lib/action_dispatch/middleware/templates/rescues/_source.erb (5.9ms)
  Rendered /home/ec2-user/.rvm/gems/ruby-2.4.0/gems/actionpack-4.2.10/lib/action_dispatch/middleware/templates/rescues/_trace.html.erb (2.4ms)
  Rendered /home/ec2-user/.rvm/gems/ruby-2.4.0/gems/actionpack-4.2.10/lib/action_dispatch/middleware/templates/rescues/_request_and_response.html.erb (0.8ms)
  Rendered /home/ec2-user/.rvm/gems/ruby-2.4.0/gems/actionpack-4.2.10/lib/action_dispatch/middleware/templates/rescues/template_error.html.erb within rescues/layout (25.3ms)


Started GET "/movies/1" for 165.91.12.153 at 2019-10-21 16:01:29 +0000
Processing by MoviesController#show as HTML
  Parameters: {"id"=>"1"}
  [1m[36mMovie Load (0.1ms)[0m  [1mSELECT  "movies".* FROM "movies" WHERE "movies"."id" = ? LIMIT 1[0m  [["id", 1]]
  Rendered movies/show.html.haml within layouts/application (25.7ms)
Completed 500 Internal Server Error in 36ms (ActiveRecord: 0.6ms)

ActionView::Template::Error (undefined method `search_similar_movies_path' for #<#<Class:0x007f82ee2b4968>:0x007f82ee2a8938>):
    19: 
    20: = link_to 'Edit', edit_movie_path(@movie)
    21: = button_to 'Delete', movie_path(@movie), :method => :delete, :confirm => 'Are you sure?'
    22: = link_to 'Find Movies With Same Director', search_similar_movies_path(@movie.title)
    23: = link_to 'Back to movie list', movies_path
  app/views/movies/show.html.haml:22:in `_app_views_movies_show_html_haml___3880496731445870650_70100159118060'


  Rendered /home/ec2-user/.rvm/gems/ruby-2.4.0/gems/actionpack-4.2.10/lib/action_dispatch/middleware/templates/rescues/_source.erb (10.4ms)
  Rendered /home/ec2-user/.rvm/gems/ruby-2.4.0/gems/actionpack-4.2.10/lib/action_dispatch/middleware/templates/rescues/_trace.html.erb (2.3ms)
  Rendered /home/ec2-user/.rvm/gems/ruby-2.4.0/gems/actionpack-4.2.10/lib/action_dispatch/middleware/templates/rescues/_request_and_response.html.erb (0.8ms)
  Rendered /home/ec2-user/.rvm/gems/ruby-2.4.0/gems/actionpack-4.2.10/lib/action_dispatch/middleware/templates/rescues/template_error.html.erb within rescues/layout (26.1ms)


Started GET "/movies/4" for 165.91.12.153 at 2019-10-21 16:01:35 +0000
Processing by MoviesController#show as HTML
  Parameters: {"id"=>"4"}
  [1m[35mMovie Load (0.1ms)[0m  SELECT  "movies".* FROM "movies" WHERE "movies"."id" = ? LIMIT 1  [["id", 4]]
  Rendered movies/show.html.haml within layouts/application (25.0ms)
Completed 500 Internal Server Error in 28ms (ActiveRecord: 0.1ms)

ActionView::Template::Error (undefined method `search_similar_movies_path' for #<#<Class:0x007f82ee2b4968>:0x007f82ee27beb0>):
    19: 
    20: = link_to 'Edit', edit_movie_path(@movie)
    21: = button_to 'Delete', movie_path(@movie), :method => :delete, :confirm => 'Are you sure?'
    22: = link_to 'Find Movies With Same Director', search_similar_movies_path(@movie.title)
    23: = link_to 'Back to movie list', movies_path
  app/views/movies/show.html.haml:22:in `_app_views_movies_show_html_haml___3880496731445870650_70100159118060'


  Rendered /home/ec2-user/.rvm/gems/ruby-2.4.0/gems/actionpack-4.2.10/lib/action_dispatch/middleware/templates/rescues/_source.erb (9.2ms)
  Rendered /home/ec2-user/.rvm/gems/ruby-2.4.0/gems/actionpack-4.2.10/lib/action_dispatch/middleware/templates/rescues/_trace.html.erb (2.3ms)
  Rendered /home/ec2-user/.rvm/gems/ruby-2.4.0/gems/actionpack-4.2.10/lib/action_dispatch/middleware/templates/rescues/_request_and_response.html.erb (0.7ms)
  Rendered /home/ec2-user/.rvm/gems/ruby-2.4.0/gems/actionpack-4.2.10/lib/action_dispatch/middleware/templates/rescues/template_error.html.erb within rescues/layout (24.7ms)


Started GET "/movies/4" for 165.91.12.153 at 2019-10-21 16:03:13 +0000
Processing by MoviesController#show as HTML
  Parameters: {"id"=>"4"}
  [1m[36mMovie Load (0.1ms)[0m  [1mSELECT  "movies".* FROM "movies" WHERE "movies"."id" = ? LIMIT 1[0m  [["id", 4]]
  Rendered movies/show.html.haml within layouts/application (2.9ms)
Completed 200 OK in 20ms (Views: 12.3ms | ActiveRecord: 0.6ms)


Started GET "/movies/samdDirecto/4" for 165.91.12.153 at 2019-10-21 16:03:19 +0000
Processing by MoviesController#movie_with_same_director as HTML
  Parameters: {"id"=>"4"}
  [1m[35mMovie Load (0.1ms)[0m  SELECT  "movies".* FROM "movies" WHERE "movies"."id" = ? LIMIT 1  [["id", 4]]
Redirected to https://eac5bb1fbddb45b3b90731c455357219.vfs.cloud9.us-east-2.amazonaws.com/movies
Completed 302 Found in 2ms (ActiveRecord: 0.1ms)


Started GET "/movies" for 165.91.12.153 at 2019-10-21 16:03:19 +0000
Processing by MoviesController#index as HTML
  [1m[36mMovie Load (0.2ms)[0m  [1mSELECT "movies".* FROM "movies" WHERE "movies"."rating" IN ('G', 'PG', 'PG-13', 'NC-17', 'R')[0m
  Rendered movies/index.html.haml within layouts/application (4.0ms)
Completed 200 OK in 12ms (Views: 11.2ms | ActiveRecord: 0.2ms)


Started GET "/movies/4" for 165.91.12.153 at 2019-10-21 16:04:06 +0000
Processing by MoviesController#show as HTML
  Parameters: {"id"=>"4"}
  [1m[35mMovie Load (0.1ms)[0m  SELECT  "movies".* FROM "movies" WHERE "movies"."id" = ? LIMIT 1  [["id", 4]]
  Rendered movies/show.html.haml within layouts/application (1.1ms)
Completed 200 OK in 10ms (Views: 8.7ms | ActiveRecord: 0.1ms)


Started GET "/movies?ratings%5BG%5D=G&ratings%5BNC-17%5D=NC-17&ratings%5BPG%5D=PG&ratings%5BPG-13%5D=PG-13&ratings%5BR%5D=R&sort=title" for 165.91.12.153 at 2019-10-21 16:04:13 +0000
Processing by MoviesController#index as HTML
  Parameters: {"ratings"=>{"G"=>"G", "NC-17"=>"NC-17", "PG"=>"PG", "PG-13"=>"PG-13", "R"=>"R"}, "sort"=>"title"}
Redirected to https://eac5bb1fbddb45b3b90731c455357219.vfs.cloud9.us-east-2.amazonaws.com/movies?ratings%5BG%5D=G&ratings%5BNC-17%5D=NC-17&ratings%5BPG%5D=PG&ratings%5BPG-13%5D=PG-13&ratings%5BR%5D=R&sort=title
Completed 302 Found in 1ms (ActiveRecord: 0.0ms)


Started GET "/movies?ratings%5BG%5D=G&ratings%5BNC-17%5D=NC-17&ratings%5BPG%5D=PG&ratings%5BPG-13%5D=PG-13&ratings%5BR%5D=R&sort=title" for 165.91.12.153 at 2019-10-21 16:04:13 +0000
Processing by MoviesController#index as HTML
  Parameters: {"ratings"=>{"G"=>"G", "NC-17"=>"NC-17", "PG"=>"PG", "PG-13"=>"PG-13", "R"=>"R"}, "sort"=>"title"}
  [1m[36mMovie Load (0.2ms)[0m  [1mSELECT "movies".* FROM "movies" WHERE "movies"."rating" IN ('G', 'NC-17', 'PG', 'PG-13', 'R')  ORDER BY "movies"."title" ASC[0m
  Rendered movies/index.html.haml within layouts/application (4.0ms)
Completed 200 OK in 12ms (Views: 11.1ms | ActiveRecord: 0.2ms)


Started GET "/movies?ratings%5BG%5D=G&ratings%5BNC-17%5D=NC-17&ratings%5BPG%5D=PG&ratings%5BPG-13%5D=PG-13&ratings%5BR%5D=R&sort=title" for 165.91.12.153 at 2019-10-21 16:04:15 +0000
Processing by MoviesController#index as HTML
  Parameters: {"ratings"=>{"G"=>"G", "NC-17"=>"NC-17", "PG"=>"PG", "PG-13"=>"PG-13", "R"=>"R"}, "sort"=>"title"}
  [1m[35mMovie Load (0.3ms)[0m  SELECT "movies".* FROM "movies" WHERE "movies"."rating" IN ('G', 'NC-17', 'PG', 'PG-13', 'R')  ORDER BY "movies"."title" ASC
  Rendered movies/index.html.haml within layouts/application (4.1ms)
Completed 200 OK in 12ms (Views: 11.3ms | ActiveRecord: 0.3ms)
  [1m[36mActiveRecord::SchemaMigration Load (0.1ms)[0m  [1mSELECT "schema_migrations".* FROM "schema_migrations"[0m
  [1m[35mActiveRecord::SchemaMigration Load (0.1ms)[0m  SELECT "schema_migrations".* FROM "schema_migrations"
  [1m[36m (5.6ms)[0m  [1mCREATE TABLE "movies" ("id" INTEGER PRIMARY KEY AUTOINCREMENT NOT NULL, "title" varchar, "rating" varchar, "description" text, "release_date" datetime, "created_at" datetime, "updated_at" datetime, "director" varchar) [0m
  [1m[35m (4.6ms)[0m  CREATE TABLE "schema_migrations" ("version" varchar NOT NULL) 
  [1m[36m (0.1ms)[0m  [1mselect sqlite_version(*)[0m
  [1m[35m (5.4ms)[0m  CREATE UNIQUE INDEX "unique_schema_migrations" ON "schema_migrations" ("version")
  [1m[36m (0.1ms)[0m  [1mSELECT version FROM "schema_migrations"[0m
  [1m[35m (4.3ms)[0m  INSERT INTO "schema_migrations" (version) VALUES ('20191017180350')
  [1m[36m (4.1ms)[0m  [1mINSERT INTO "schema_migrations" (version) VALUES ('20111119180638')[0m


Started GET "/" for 165.91.12.153 at 2019-10-21 20:23:39 +0000


Started GET "/movies" for 165.91.12.153 at 2019-10-21 20:23:39 +0000
Processing by MoviesController#index as HTML
Redirected to https://eac5bb1fbddb45b3b90731c455357219.vfs.cloud9.us-east-2.amazonaws.com/movies?ratings%5BG%5D=G&ratings%5BNC-17%5D=NC-17&ratings%5BPG%5D=PG&ratings%5BPG-13%5D=PG-13&ratings%5BR%5D=R&sort=title
Completed 302 Found in 25ms (ActiveRecord: 0.0ms)


Started GET "/movies?ratings%5BG%5D=G&ratings%5BNC-17%5D=NC-17&ratings%5BPG%5D=PG&ratings%5BPG-13%5D=PG-13&ratings%5BR%5D=R&sort=title" for 165.91.12.153 at 2019-10-21 20:23:40 +0000
Processing by MoviesController#index as HTML
  Parameters: {"ratings"=>{"G"=>"G", "NC-17"=>"NC-17", "PG"=>"PG", "PG-13"=>"PG-13", "R"=>"R"}, "sort"=>"title"}
  [1m[36mMovie Load (0.2ms)[0m  [1mSELECT "movies".* FROM "movies" WHERE "movies"."rating" IN ('G', 'NC-17', 'PG', 'PG-13', 'R')  ORDER BY "movies"."title" ASC[0m
  Rendered movies/index.html.haml within layouts/application (17.6ms)
Completed 200 OK in 236ms (Views: 229.7ms | ActiveRecord: 1.4ms)


Started GET "/movies?utf8=%E2%9C%93&title_sort=true&ratings%5BPG%5D=1&commit=Refresh" for 165.91.12.153 at 2019-10-21 20:23:51 +0000
Processing by MoviesController#index as HTML
  Parameters: {"utf8"=>"✓", "title_sort"=>"true", "ratings"=>{"PG"=>"1"}, "commit"=>"Refresh"}
Redirected to https://eac5bb1fbddb45b3b90731c455357219.vfs.cloud9.us-east-2.amazonaws.com/movies?ratings%5BPG%5D=1&sort=title
Completed 302 Found in 1ms (ActiveRecord: 0.0ms)


Started GET "/movies?ratings%5BPG%5D=1&sort=title" for 165.91.12.153 at 2019-10-21 20:23:51 +0000
Processing by MoviesController#index as HTML
  Parameters: {"ratings"=>{"PG"=>"1"}, "sort"=>"title"}
  [1m[35mMovie Load (0.2ms)[0m  SELECT "movies".* FROM "movies" WHERE "movies"."rating" = 'PG'  ORDER BY "movies"."title" ASC
  Rendered movies/index.html.haml within layouts/application (2.4ms)
Completed 200 OK in 10ms (Views: 8.8ms | ActiveRecord: 0.2ms)


Started GET "/movies/9" for 165.91.12.153 at 2019-10-21 20:23:56 +0000
Processing by MoviesController#show as HTML
  Parameters: {"id"=>"9"}
  [1m[36mMovie Load (0.2ms)[0m  [1mSELECT  "movies".* FROM "movies" WHERE "movies"."id" = ? LIMIT 1[0m  [["id", 9]]
  Rendered movies/show.html.haml within layouts/application (2.5ms)
Completed 200 OK in 12ms (Views: 9.3ms | ActiveRecord: 0.2ms)


Started GET "/movies" for 165.91.12.153 at 2019-10-21 20:24:00 +0000
Processing by MoviesController#index as HTML
Redirected to https://eac5bb1fbddb45b3b90731c455357219.vfs.cloud9.us-east-2.amazonaws.com/movies?ratings%5BPG%5D=1&sort=title
Completed 302 Found in 1ms (ActiveRecord: 0.0ms)


Started GET "/movies?ratings%5BPG%5D=1&sort=title" for 165.91.12.153 at 2019-10-21 20:24:00 +0000
Processing by MoviesController#index as HTML
  Parameters: {"ratings"=>{"PG"=>"1"}, "sort"=>"title"}
  [1m[35mMovie Load (0.2ms)[0m  SELECT "movies".* FROM "movies" WHERE "movies"."rating" = 'PG'  ORDER BY "movies"."title" ASC
  Rendered movies/index.html.haml within layouts/application (2.3ms)
Completed 200 OK in 10ms (Views: 8.8ms | ActiveRecord: 0.2ms)


Started GET "/movies?ratings%5BPG%5D=1&sort=title" for 165.91.12.153 at 2019-10-21 20:24:05 +0000
Processing by MoviesController#index as HTML
  Parameters: {"ratings"=>{"PG"=>"1"}, "sort"=>"title"}
  [1m[36mMovie Load (0.2ms)[0m  [1mSELECT "movies".* FROM "movies" WHERE "movies"."rating" = 'PG'  ORDER BY "movies"."title" ASC[0m
  Rendered movies/index.html.haml within layouts/application (2.3ms)
Completed 200 OK in 10ms (Views: 8.8ms | ActiveRecord: 0.2ms)


Started GET "/movies?ratings%5BPG%5D=1&sort=release_date" for 165.91.12.153 at 2019-10-21 20:24:07 +0000
Processing by MoviesController#index as HTML
  Parameters: {"ratings"=>{"PG"=>"1"}, "sort"=>"release_date"}
Redirected to https://eac5bb1fbddb45b3b90731c455357219.vfs.cloud9.us-east-2.amazonaws.com/movies?ratings%5BPG%5D=1&sort=release_date
Completed 302 Found in 1ms (ActiveRecord: 0.0ms)


Started GET "/movies?ratings%5BPG%5D=1&sort=release_date" for 165.91.12.153 at 2019-10-21 20:24:07 +0000
Processing by MoviesController#index as HTML
  Parameters: {"ratings"=>{"PG"=>"1"}, "sort"=>"release_date"}
  [1m[35mMovie Load (0.2ms)[0m  SELECT "movies".* FROM "movies" WHERE "movies"."rating" = 'PG'  ORDER BY "movies"."release_date" ASC
  Rendered movies/index.html.haml within layouts/application (2.4ms)
Completed 200 OK in 10ms (Views: 9.0ms | ActiveRecord: 0.2ms)


Started GET "/movies?ratings%5BPG%5D=1&sort=release_date" for 165.91.12.153 at 2019-10-21 20:24:08 +0000
Processing by MoviesController#index as HTML
  Parameters: {"ratings"=>{"PG"=>"1"}, "sort"=>"release_date"}
  [1m[36mMovie Load (0.2ms)[0m  [1mSELECT "movies".* FROM "movies" WHERE "movies"."rating" = 'PG'  ORDER BY "movies"."release_date" ASC[0m
  Rendered movies/index.html.haml within layouts/application (12.2ms)
Completed 200 OK in 20ms (Views: 18.7ms | ActiveRecord: 0.2ms)


Started GET "/movies?utf8=%E2%9C%93&%3Arelease_date_sort=true&ratings%5BPG%5D=1&ratings%5BPG-13%5D=1&commit=Refresh" for 165.91.12.153 at 2019-10-21 20:24:13 +0000
Processing by MoviesController#index as HTML
  Parameters: {"utf8"=>"✓", ":release_date_sort"=>"true", "ratings"=>{"PG"=>"1", "PG-13"=>"1"}, "commit"=>"Refresh"}
Redirected to https://eac5bb1fbddb45b3b90731c455357219.vfs.cloud9.us-east-2.amazonaws.com/movies?ratings%5BPG%5D=1&ratings%5BPG-13%5D=1&sort=release_date
Completed 302 Found in 1ms (ActiveRecord: 0.0ms)


Started GET "/movies?ratings%5BPG%5D=1&ratings%5BPG-13%5D=1&sort=release_date" for 165.91.12.153 at 2019-10-21 20:24:13 +0000
Processing by MoviesController#index as HTML
  Parameters: {"ratings"=>{"PG"=>"1", "PG-13"=>"1"}, "sort"=>"release_date"}
  [1m[35mMovie Load (0.2ms)[0m  SELECT "movies".* FROM "movies" WHERE "movies"."rating" IN ('PG', 'PG-13')  ORDER BY "movies"."release_date" ASC
  Rendered movies/index.html.haml within layouts/application (2.7ms)
Completed 200 OK in 10ms (Views: 9.3ms | ActiveRecord: 0.2ms)


Started GET "/movies?ratings%5BPG%5D=1&ratings%5BPG-13%5D=1&sort=title" for 165.91.12.153 at 2019-10-21 20:24:17 +0000
Processing by MoviesController#index as HTML
  Parameters: {"ratings"=>{"PG"=>"1", "PG-13"=>"1"}, "sort"=>"title"}
Redirected to https://eac5bb1fbddb45b3b90731c455357219.vfs.cloud9.us-east-2.amazonaws.com/movies?ratings%5BPG%5D=1&ratings%5BPG-13%5D=1&sort=title
Completed 302 Found in 1ms (ActiveRecord: 0.0ms)


Started GET "/movies?ratings%5BPG%5D=1&ratings%5BPG-13%5D=1&sort=title" for 165.91.12.153 at 2019-10-21 20:24:17 +0000
Processing by MoviesController#index as HTML
  Parameters: {"ratings"=>{"PG"=>"1", "PG-13"=>"1"}, "sort"=>"title"}
  [1m[36mMovie Load (0.2ms)[0m  [1mSELECT "movies".* FROM "movies" WHERE "movies"."rating" IN ('PG', 'PG-13')  ORDER BY "movies"."title" ASC[0m
  Rendered movies/index.html.haml within layouts/application (2.8ms)
Completed 200 OK in 10ms (Views: 9.2ms | ActiveRecord: 0.2ms)


Started GET "/movies/5" for 165.91.12.153 at 2019-10-21 20:24:21 +0000
Processing by MoviesController#show as HTML
  Parameters: {"id"=>"5"}
  [1m[35mMovie Load (0.1ms)[0m  SELECT  "movies".* FROM "movies" WHERE "movies"."id" = ? LIMIT 1  [["id", 5]]
  Rendered movies/show.html.haml within layouts/application (0.9ms)
Completed 200 OK in 8ms (Views: 7.5ms | ActiveRecord: 0.1ms)


Started GET "/similar_movies/Chocolat" for 165.91.12.153 at 2019-10-21 20:24:26 +0000
Processing by MoviesController#movie_with_same_director as HTML
  Parameters: {"title"=>"Chocolat"}
  [1m[36mMovie Load (0.1ms)[0m  [1mSELECT  "movies".* FROM "movies" WHERE "movies"."id" = ? LIMIT 1[0m  [["id", nil]]
Completed 404 Not Found in 1ms (ActiveRecord: 0.1ms)

ActiveRecord::RecordNotFound (Couldn't find Movie with 'id'=):
  app/controllers/movies_controller.rb:65:in `movie_with_same_director'


  Rendered /home/ec2-user/.rvm/gems/ruby-2.4.0/gems/actionpack-4.2.10/lib/action_dispatch/middleware/templates/rescues/_source.erb (3.7ms)
  Rendered /home/ec2-user/.rvm/gems/ruby-2.4.0/gems/actionpack-4.2.10/lib/action_dispatch/middleware/templates/rescues/_trace.html.erb (1.7ms)
  Rendered /home/ec2-user/.rvm/gems/ruby-2.4.0/gems/actionpack-4.2.10/lib/action_dispatch/middleware/templates/rescues/_request_and_response.html.erb (1.0ms)
  Rendered /home/ec2-user/.rvm/gems/ruby-2.4.0/gems/actionpack-4.2.10/lib/action_dispatch/middleware/templates/rescues/diagnostics.html.erb within rescues/layout (22.0ms)


Started GET "/similar_movies/Chocolat" for 165.91.12.153 at 2019-10-21 20:25:09 +0000
Processing by MoviesController#movie_with_same_director as HTML
  Parameters: {"title"=>"Chocolat"}
Completed 500 Internal Server Error in 13ms (ActiveRecord: 0.0ms)

NoMethodError (undefined method `similar_movies' for #<Class:0x007ff276289fe0>):
  app/controllers/movies_controller.rb:65:in `movie_with_same_director'


  Rendered /home/ec2-user/.rvm/gems/ruby-2.4.0/gems/actionpack-4.2.10/lib/action_dispatch/middleware/templates/rescues/_source.erb (3.6ms)
  Rendered /home/ec2-user/.rvm/gems/ruby-2.4.0/gems/actionpack-4.2.10/lib/action_dispatch/middleware/templates/rescues/_trace.html.erb (1.7ms)
  Rendered /home/ec2-user/.rvm/gems/ruby-2.4.0/gems/actionpack-4.2.10/lib/action_dispatch/middleware/templates/rescues/_request_and_response.html.erb (0.9ms)
  Rendered /home/ec2-user/.rvm/gems/ruby-2.4.0/gems/actionpack-4.2.10/lib/action_dispatch/middleware/templates/rescues/diagnostics.html.erb within rescues/layout (18.6ms)


Started GET "/similar_movies/Chocolat" for 165.91.12.153 at 2019-10-21 20:26:29 +0000
Processing by MoviesController#movie_with_same_director as HTML
  Parameters: {"title"=>"Chocolat"}
  [1m[35mMovie Load (0.2ms)[0m  SELECT  "movies".* FROM "movies" WHERE "movies"."title" = ? LIMIT 1  [["title", "Chocolat"]]
Redirected to https://eac5bb1fbddb45b3b90731c455357219.vfs.cloud9.us-east-2.amazonaws.com/movies
Completed 302 Found in 8ms (ActiveRecord: 0.6ms)


Started GET "/movies" for 165.91.12.153 at 2019-10-21 20:26:29 +0000
Processing by MoviesController#index as HTML
Redirected to https://eac5bb1fbddb45b3b90731c455357219.vfs.cloud9.us-east-2.amazonaws.com/movies?ratings%5BPG%5D=1&ratings%5BPG-13%5D=1&sort=title
Completed 302 Found in 1ms (ActiveRecord: 0.0ms)


Started GET "/movies?ratings%5BPG%5D=1&ratings%5BPG-13%5D=1&sort=title" for 165.91.12.153 at 2019-10-21 20:26:29 +0000
Processing by MoviesController#index as HTML
  Parameters: {"ratings"=>{"PG"=>"1", "PG-13"=>"1"}, "sort"=>"title"}
  [1m[36mMovie Load (0.2ms)[0m  [1mSELECT "movies".* FROM "movies" WHERE "movies"."rating" IN ('PG', 'PG-13')  ORDER BY "movies"."title" ASC[0m
  Rendered movies/index.html.haml within layouts/application (2.9ms)
Completed 200 OK in 13ms (Views: 11.8ms | ActiveRecord: 0.2ms)


Started GET "/movies/5" for 165.91.12.153 at 2019-10-21 20:27:58 +0000
Processing by MoviesController#show as HTML
  Parameters: {"id"=>"5"}
  [1m[35mMovie Load (0.2ms)[0m  SELECT  "movies".* FROM "movies" WHERE "movies"."id" = ? LIMIT 1  [["id", 5]]
  Rendered movies/show.html.haml within layouts/application (1.0ms)
Completed 200 OK in 9ms (Views: 8.1ms | ActiveRecord: 0.2ms)


Started GET "/movies/5/edit" for 165.91.12.153 at 2019-10-21 20:28:00 +0000
Processing by MoviesController#edit as HTML
  Parameters: {"id"=>"5"}
  [1m[36mMovie Load (0.1ms)[0m  [1mSELECT  "movies".* FROM "movies" WHERE "movies"."id" = ? LIMIT 1[0m  [["id", 5]]
  Rendered movies/edit.html.haml within layouts/application (24.6ms)
Completed 200 OK in 33ms (Views: 31.6ms | ActiveRecord: 0.1ms)


Started PUT "/movies/5" for 165.91.12.153 at 2019-10-21 20:28:07 +0000
Processing by MoviesController#update as HTML
  Parameters: {"utf8"=>"✓", "authenticity_token"=>"JUFlLTUMq8bD8Jp4qIA7+3zULXTn5FuHWLYA+ysGaTrvAZguCIXXdT+KqgP+piiFt6SeUwqsPEGNGiARPLG6gg==", "movie"=>{"title"=>"Chocolat", "director"=>"Lasse Hallstrom", "rating"=>"PG-13", "release_date(1i)"=>"2001", "release_date(2i)"=>"1", "release_date(3i)"=>"5"}, "commit"=>"Update Movie Info", "id"=>"5"}
  [1m[35mMovie Load (0.1ms)[0m  SELECT  "movies".* FROM "movies" WHERE "movies"."id" = ? LIMIT 1  [["id", 5]]
  [1m[36m (0.1ms)[0m  [1mbegin transaction[0m
  [1m[35mSQL (0.2ms)[0m  UPDATE "movies" SET "director" = ?, "updated_at" = ? WHERE "movies"."id" = ?  [["director", "Lasse Hallstrom"], ["updated_at", "2019-10-21 20:28:07.431789"], ["id", 5]]
  [1m[36m (5.4ms)[0m  [1mcommit transaction[0m
Redirected to https://eac5bb1fbddb45b3b90731c455357219.vfs.cloud9.us-east-2.amazonaws.com/movies/5
Completed 302 Found in 10ms (ActiveRecord: 5.8ms)


Started GET "/movies/5" for 165.91.12.153 at 2019-10-21 20:28:07 +0000
Processing by MoviesController#show as HTML
  Parameters: {"id"=>"5"}
  [1m[35mMovie Load (0.1ms)[0m  SELECT  "movies".* FROM "movies" WHERE "movies"."id" = ? LIMIT 1  [["id", 5]]
  Rendered movies/show.html.haml within layouts/application (1.0ms)
Completed 200 OK in 9ms (Views: 8.0ms | ActiveRecord: 0.1ms)


Started GET "/movies" for 165.91.12.153 at 2019-10-21 20:28:10 +0000
Processing by MoviesController#index as HTML
Redirected to https://eac5bb1fbddb45b3b90731c455357219.vfs.cloud9.us-east-2.amazonaws.com/movies?ratings%5BPG%5D=1&ratings%5BPG-13%5D=1&sort=title
Completed 302 Found in 1ms (ActiveRecord: 0.0ms)


Started GET "/movies?ratings%5BPG%5D=1&ratings%5BPG-13%5D=1&sort=title" for 165.91.12.153 at 2019-10-21 20:28:10 +0000
Processing by MoviesController#index as HTML
  Parameters: {"ratings"=>{"PG"=>"1", "PG-13"=>"1"}, "sort"=>"title"}
  [1m[36mMovie Load (0.3ms)[0m  [1mSELECT "movies".* FROM "movies" WHERE "movies"."rating" IN ('PG', 'PG-13')  ORDER BY "movies"."title" ASC[0m
  Rendered movies/index.html.haml within layouts/application (2.9ms)
Completed 200 OK in 11ms (Views: 9.6ms | ActiveRecord: 0.3ms)


Started GET "/movies/4" for 165.91.12.153 at 2019-10-21 20:28:16 +0000
Processing by MoviesController#show as HTML
  Parameters: {"id"=>"4"}
  [1m[35mMovie Load (0.1ms)[0m  SELECT  "movies".* FROM "movies" WHERE "movies"."id" = ? LIMIT 1  [["id", 4]]
  Rendered movies/show.html.haml within layouts/application (1.1ms)
Completed 200 OK in 9ms (Views: 8.1ms | ActiveRecord: 0.1ms)


Started GET "/movies/4/edit" for 165.91.12.153 at 2019-10-21 20:28:18 +0000
Processing by MoviesController#edit as HTML
  Parameters: {"id"=>"4"}
  [1m[36mMovie Load (0.1ms)[0m  [1mSELECT  "movies".* FROM "movies" WHERE "movies"."id" = ? LIMIT 1[0m  [["id", 4]]
  Rendered movies/edit.html.haml within layouts/application (2.6ms)
Completed 200 OK in 10ms (Views: 9.5ms | ActiveRecord: 0.1ms)


Started PUT "/movies/4" for 165.91.12.153 at 2019-10-21 20:28:21 +0000
Processing by MoviesController#update as HTML
  Parameters: {"utf8"=>"✓", "authenticity_token"=>"wMRvfhBfQjP5WIRLu8Jt97XZfugETT3RMyFLzFArnKMKhJJ9LdY+gAUitDDt5H6JfqnNz+kFWhfmjWsmR5xPGw==", "movie"=>{"title"=>"The Help", "director"=>"ABC", "rating"=>"PG-13", "release_date(1i)"=>"2011", "release_date(2i)"=>"8", "release_date(3i)"=>"10"}, "commit"=>"Update Movie Info", "id"=>"4"}
  [1m[35mMovie Load (0.1ms)[0m  SELECT  "movies".* FROM "movies" WHERE "movies"."id" = ? LIMIT 1  [["id", 4]]
  [1m[36m (0.1ms)[0m  [1mbegin transaction[0m
  [1m[35mSQL (0.2ms)[0m  UPDATE "movies" SET "director" = ?, "updated_at" = ? WHERE "movies"."id" = ?  [["director", "ABC"], ["updated_at", "2019-10-21 20:28:21.293090"], ["id", 4]]
  [1m[36m (5.1ms)[0m  [1mcommit transaction[0m
Redirected to https://eac5bb1fbddb45b3b90731c455357219.vfs.cloud9.us-east-2.amazonaws.com/movies/4
Completed 302 Found in 9ms (ActiveRecord: 5.5ms)


Started GET "/movies/4" for 165.91.12.153 at 2019-10-21 20:28:21 +0000
Processing by MoviesController#show as HTML
  Parameters: {"id"=>"4"}
  [1m[35mMovie Load (0.1ms)[0m  SELECT  "movies".* FROM "movies" WHERE "movies"."id" = ? LIMIT 1  [["id", 4]]
  Rendered movies/show.html.haml within layouts/application (0.9ms)
Completed 200 OK in 9ms (Views: 8.1ms | ActiveRecord: 0.1ms)


Started GET "/similar_movies/The%20Help" for 165.91.12.153 at 2019-10-21 20:28:23 +0000
Processing by MoviesController#movie_with_same_director as HTML
  Parameters: {"title"=>"The Help"}
  [1m[36mMovie Load (0.1ms)[0m  [1mSELECT  "movies".* FROM "movies" WHERE "movies"."title" = ? LIMIT 1[0m  [["title", "The Help"]]
  [1m[35m (0.1ms)[0m  SELECT "movies"."title" FROM "movies" WHERE "movies"."director" = ?  [["director", "ABC"]]
  [1m[36mCACHE (0.0ms)[0m  [1mSELECT  "movies".* FROM "movies" WHERE "movies"."title" = ? LIMIT 1[0m  [["title", "The Help"]]
  Rendered movies/movie_with_same_director.html.haml within layouts/application (1.5ms)
Completed 200 OK in 12ms (Views: 9.1ms | ActiveRecord: 0.3ms)


Started GET "/movies" for 165.91.12.153 at 2019-10-21 20:28:25 +0000
Processing by MoviesController#index as HTML
Redirected to https://eac5bb1fbddb45b3b90731c455357219.vfs.cloud9.us-east-2.amazonaws.com/movies?ratings%5BPG%5D=1&ratings%5BPG-13%5D=1&sort=title
Completed 302 Found in 1ms (ActiveRecord: 0.0ms)


Started GET "/movies?ratings%5BPG%5D=1&ratings%5BPG-13%5D=1&sort=title" for 165.91.12.153 at 2019-10-21 20:28:25 +0000
Processing by MoviesController#index as HTML
  Parameters: {"ratings"=>{"PG"=>"1", "PG-13"=>"1"}, "sort"=>"title"}
  [1m[35mMovie Load (0.3ms)[0m  SELECT "movies".* FROM "movies" WHERE "movies"."rating" IN ('PG', 'PG-13')  ORDER BY "movies"."title" ASC
  Rendered movies/index.html.haml within layouts/application (3.0ms)
Completed 200 OK in 11ms (Views: 9.7ms | ActiveRecord: 0.3ms)


Started GET "/movies/8" for 165.91.12.153 at 2019-10-21 20:28:28 +0000
Processing by MoviesController#show as HTML
  Parameters: {"id"=>"8"}
  [1m[36mMovie Load (0.1ms)[0m  [1mSELECT  "movies".* FROM "movies" WHERE "movies"."id" = ? LIMIT 1[0m  [["id", 8]]
  Rendered movies/show.html.haml within layouts/application (1.1ms)
Completed 200 OK in 9ms (Views: 8.1ms | ActiveRecord: 0.1ms)


Started GET "/movies/8/edit" for 165.91.12.153 at 2019-10-21 20:28:29 +0000
Processing by MoviesController#edit as HTML
  Parameters: {"id"=>"8"}
  [1m[35mMovie Load (0.1ms)[0m  SELECT  "movies".* FROM "movies" WHERE "movies"."id" = ? LIMIT 1  [["id", 8]]
  Rendered movies/edit.html.haml within layouts/application (3.0ms)
Completed 200 OK in 16ms (Views: 15.2ms | ActiveRecord: 0.1ms)


Started PUT "/movies/8" for 165.91.12.153 at 2019-10-21 20:28:33 +0000
Processing by MoviesController#update as HTML
  Parameters: {"utf8"=>"✓", "authenticity_token"=>"crgqFq7uDUUwDJ8J44msashgNM+x9CdPAAZKrcvDPp24+NcVk2dx9sx2r3K1r78UAxCH6Fy8QInVqmpH3HTtJQ==", "movie"=>{"title"=>"The Incredibles", "director"=>"ABC", "rating"=>"PG", "release_date(1i)"=>"2004", "release_date(2i)"=>"11", "release_date(3i)"=>"5"}, "commit"=>"Update Movie Info", "id"=>"8"}
  [1m[36mMovie Load (0.1ms)[0m  [1mSELECT  "movies".* FROM "movies" WHERE "movies"."id" = ? LIMIT 1[0m  [["id", 8]]
  [1m[35m (0.1ms)[0m  begin transaction
  [1m[36mSQL (0.1ms)[0m  [1mUPDATE "movies" SET "director" = ?, "updated_at" = ? WHERE "movies"."id" = ?[0m  [["director", "ABC"], ["updated_at", "2019-10-21 20:28:33.057247"], ["id", 8]]
  [1m[35m (4.7ms)[0m  commit transaction
Redirected to https://eac5bb1fbddb45b3b90731c455357219.vfs.cloud9.us-east-2.amazonaws.com/movies/8
Completed 302 Found in 9ms (ActiveRecord: 5.0ms)


Started GET "/movies/8" for 165.91.12.153 at 2019-10-21 20:28:33 +0000
Processing by MoviesController#show as HTML
  Parameters: {"id"=>"8"}
  [1m[36mMovie Load (0.1ms)[0m  [1mSELECT  "movies".* FROM "movies" WHERE "movies"."id" = ? LIMIT 1[0m  [["id", 8]]
  Rendered movies/show.html.haml within layouts/application (1.0ms)
Completed 200 OK in 9ms (Views: 8.1ms | ActiveRecord: 0.1ms)


Started GET "/movies" for 165.91.12.153 at 2019-10-21 20:28:35 +0000
Processing by MoviesController#index as HTML
Redirected to https://eac5bb1fbddb45b3b90731c455357219.vfs.cloud9.us-east-2.amazonaws.com/movies?ratings%5BPG%5D=1&ratings%5BPG-13%5D=1&sort=title
Completed 302 Found in 1ms (ActiveRecord: 0.0ms)


Started GET "/movies?ratings%5BPG%5D=1&ratings%5BPG-13%5D=1&sort=title" for 165.91.12.153 at 2019-10-21 20:28:36 +0000
Processing by MoviesController#index as HTML
  Parameters: {"ratings"=>{"PG"=>"1", "PG-13"=>"1"}, "sort"=>"title"}
  [1m[35mMovie Load (0.2ms)[0m  SELECT "movies".* FROM "movies" WHERE "movies"."rating" IN ('PG', 'PG-13')  ORDER BY "movies"."title" ASC
  Rendered movies/index.html.haml within layouts/application (2.8ms)
Completed 200 OK in 11ms (Views: 9.7ms | ActiveRecord: 0.2ms)


Started GET "/movies/4" for 165.91.12.153 at 2019-10-21 20:28:37 +0000
Processing by MoviesController#show as HTML
  Parameters: {"id"=>"4"}
  [1m[36mMovie Load (0.1ms)[0m  [1mSELECT  "movies".* FROM "movies" WHERE "movies"."id" = ? LIMIT 1[0m  [["id", 4]]
  Rendered movies/show.html.haml within layouts/application (0.9ms)
Completed 200 OK in 9ms (Views: 7.8ms | ActiveRecord: 0.1ms)


Started GET "/similar_movies/The%20Help" for 165.91.12.153 at 2019-10-21 20:28:39 +0000
Processing by MoviesController#movie_with_same_director as HTML
  Parameters: {"title"=>"The Help"}
  [1m[35mMovie Load (0.1ms)[0m  SELECT  "movies".* FROM "movies" WHERE "movies"."title" = ? LIMIT 1  [["title", "The Help"]]
  [1m[36m (0.1ms)[0m  [1mSELECT "movies"."title" FROM "movies" WHERE "movies"."director" = ?[0m  [["director", "ABC"]]
  [1m[35mCACHE (0.0ms)[0m  SELECT  "movies".* FROM "movies" WHERE "movies"."title" = ? LIMIT 1  [["title", "The Help"]]
  Rendered movies/movie_with_same_director.html.haml within layouts/application (0.3ms)
Completed 200 OK in 10ms (Views: 7.7ms | ActiveRecord: 0.2ms)


Started GET "/movies" for 165.91.12.153 at 2019-10-21 20:28:40 +0000
Processing by MoviesController#index as HTML
Redirected to https://eac5bb1fbddb45b3b90731c455357219.vfs.cloud9.us-east-2.amazonaws.com/movies?ratings%5BPG%5D=1&ratings%5BPG-13%5D=1&sort=title
Completed 302 Found in 1ms (ActiveRecord: 0.0ms)


Started GET "/movies?ratings%5BPG%5D=1&ratings%5BPG-13%5D=1&sort=title" for 165.91.12.153 at 2019-10-21 20:28:40 +0000
Processing by MoviesController#index as HTML
  Parameters: {"ratings"=>{"PG"=>"1", "PG-13"=>"1"}, "sort"=>"title"}
  [1m[36mMovie Load (0.2ms)[0m  [1mSELECT "movies".* FROM "movies" WHERE "movies"."rating" IN ('PG', 'PG-13')  ORDER BY "movies"."title" ASC[0m
  Rendered movies/index.html.haml within layouts/application (2.7ms)
Completed 200 OK in 10ms (Views: 9.4ms | ActiveRecord: 0.2ms)


Started GET "/movies/5" for 165.91.12.153 at 2019-10-21 20:28:42 +0000
Processing by MoviesController#show as HTML
  Parameters: {"id"=>"5"}
  [1m[35mMovie Load (0.1ms)[0m  SELECT  "movies".* FROM "movies" WHERE "movies"."id" = ? LIMIT 1  [["id", 5]]
  Rendered movies/show.html.haml within layouts/application (1.0ms)
Completed 200 OK in 9ms (Views: 7.8ms | ActiveRecord: 0.1ms)


Started GET "/similar_movies/Chocolat" for 165.91.12.153 at 2019-10-21 20:28:46 +0000
Processing by MoviesController#movie_with_same_director as HTML
  Parameters: {"title"=>"Chocolat"}
  [1m[36mMovie Load (0.1ms)[0m  [1mSELECT  "movies".* FROM "movies" WHERE "movies"."title" = ? LIMIT 1[0m  [["title", "Chocolat"]]
  [1m[35m (0.1ms)[0m  SELECT "movies"."title" FROM "movies" WHERE "movies"."director" = ?  [["director", "Lasse Hallstrom"]]
  [1m[36mCACHE (0.0ms)[0m  [1mSELECT  "movies".* FROM "movies" WHERE "movies"."title" = ? LIMIT 1[0m  [["title", "Chocolat"]]
  Rendered movies/movie_with_same_director.html.haml within layouts/application (0.3ms)
Completed 200 OK in 10ms (Views: 7.8ms | ActiveRecord: 0.2ms)


Started GET "/movies" for 165.91.12.153 at 2019-10-21 20:28:49 +0000
Processing by MoviesController#index as HTML
Redirected to https://eac5bb1fbddb45b3b90731c455357219.vfs.cloud9.us-east-2.amazonaws.com/movies?ratings%5BPG%5D=1&ratings%5BPG-13%5D=1&sort=title
Completed 302 Found in 2ms (ActiveRecord: 0.0ms)


Started GET "/movies?ratings%5BPG%5D=1&ratings%5BPG-13%5D=1&sort=title" for 165.91.12.153 at 2019-10-21 20:28:49 +0000
Processing by MoviesController#index as HTML
  Parameters: {"ratings"=>{"PG"=>"1", "PG-13"=>"1"}, "sort"=>"title"}
  [1m[35mMovie Load (0.2ms)[0m  SELECT "movies".* FROM "movies" WHERE "movies"."rating" IN ('PG', 'PG-13')  ORDER BY "movies"."title" ASC
  Rendered movies/index.html.haml within layouts/application (2.9ms)
Completed 200 OK in 11ms (Views: 9.9ms | ActiveRecord: 0.2ms)


Started GET "/movies/9" for 165.91.12.153 at 2019-10-21 20:28:53 +0000
Processing by MoviesController#show as HTML
  Parameters: {"id"=>"9"}
  [1m[36mMovie Load (0.1ms)[0m  [1mSELECT  "movies".* FROM "movies" WHERE "movies"."id" = ? LIMIT 1[0m  [["id", 9]]
  Rendered movies/show.html.haml within layouts/application (1.0ms)
Completed 200 OK in 9ms (Views: 8.0ms | ActiveRecord: 0.1ms)


Started GET "/similar_movies/Raiders%20of%20the%20Lost%20Ark" for 165.91.12.153 at 2019-10-21 20:28:55 +0000
Processing by MoviesController#movie_with_same_director as HTML
  Parameters: {"title"=>"Raiders of the Lost Ark"}
  [1m[35mMovie Load (0.1ms)[0m  SELECT  "movies".* FROM "movies" WHERE "movies"."title" = ? LIMIT 1  [["title", "Raiders of the Lost Ark"]]
Redirected to https://eac5bb1fbddb45b3b90731c455357219.vfs.cloud9.us-east-2.amazonaws.com/movies
Completed 302 Found in 2ms (ActiveRecord: 0.1ms)


Started GET "/movies" for 165.91.12.153 at 2019-10-21 20:28:55 +0000
Processing by MoviesController#index as HTML
Redirected to https://eac5bb1fbddb45b3b90731c455357219.vfs.cloud9.us-east-2.amazonaws.com/movies?ratings%5BPG%5D=1&ratings%5BPG-13%5D=1&sort=title
Completed 302 Found in 1ms (ActiveRecord: 0.0ms)


Started GET "/movies?ratings%5BPG%5D=1&ratings%5BPG-13%5D=1&sort=title" for 165.91.12.153 at 2019-10-21 20:28:55 +0000
Processing by MoviesController#index as HTML
  Parameters: {"ratings"=>{"PG"=>"1", "PG-13"=>"1"}, "sort"=>"title"}
  [1m[36mMovie Load (0.2ms)[0m  [1mSELECT "movies".* FROM "movies" WHERE "movies"."rating" IN ('PG', 'PG-13')  ORDER BY "movies"."title" ASC[0m
  Rendered movies/index.html.haml within layouts/application (2.8ms)
Completed 200 OK in 11ms (Views: 10.3ms | ActiveRecord: 0.2ms)


Started GET "/movies?ratings%5BPG%5D=1&ratings%5BPG-13%5D=1&sort=title" for 165.91.12.153 at 2019-10-21 20:30:22 +0000
Processing by MoviesController#index as HTML
  Parameters: {"ratings"=>{"PG"=>"1", "PG-13"=>"1"}, "sort"=>"title"}
  [1m[35mMovie Load (0.2ms)[0m  SELECT "movies".* FROM "movies" WHERE "movies"."rating" IN ('PG', 'PG-13')  ORDER BY "movies"."title" ASC
  Rendered movies/index.html.haml within layouts/application (6.8ms)
Completed 200 OK in 18ms (Views: 14.6ms | ActiveRecord: 0.6ms)


Started GET "/movies/9" for 165.91.12.153 at 2019-10-21 20:30:24 +0000
Processing by MoviesController#show as HTML
  Parameters: {"id"=>"9"}
  [1m[36mMovie Load (0.2ms)[0m  [1mSELECT  "movies".* FROM "movies" WHERE "movies"."id" = ? LIMIT 1[0m  [["id", 9]]
  Rendered movies/show.html.haml within layouts/application (1.0ms)
Completed 200 OK in 9ms (Views: 7.7ms | ActiveRecord: 0.2ms)


Started GET "/similar_movies/Raiders%20of%20the%20Lost%20Ark" for 165.91.12.153 at 2019-10-21 20:30:27 +0000
Processing by MoviesController#movie_with_same_director as HTML
  Parameters: {"title"=>"Raiders of the Lost Ark"}
  [1m[35mMovie Load (0.2ms)[0m  SELECT  "movies".* FROM "movies" WHERE "movies"."title" = ? LIMIT 1  [["title", "Raiders of the Lost Ark"]]
Redirected to https://eac5bb1fbddb45b3b90731c455357219.vfs.cloud9.us-east-2.amazonaws.com/movies
  [1m[36mCACHE (0.0ms)[0m  [1mSELECT  "movies".* FROM "movies" WHERE "movies"."title" = ? LIMIT 1[0m  [["title", "Raiders of the Lost Ark"]]
Completed 302 Found in 3ms (ActiveRecord: 0.2ms)


Started GET "/movies" for 165.91.12.153 at 2019-10-21 20:30:27 +0000
Processing by MoviesController#index as HTML
Redirected to https://eac5bb1fbddb45b3b90731c455357219.vfs.cloud9.us-east-2.amazonaws.com/movies?ratings%5BPG%5D=1&ratings%5BPG-13%5D=1&sort=title
Completed 302 Found in 1ms (ActiveRecord: 0.0ms)


Started GET "/movies?ratings%5BPG%5D=1&ratings%5BPG-13%5D=1&sort=title" for 165.91.12.153 at 2019-10-21 20:30:27 +0000
Processing by MoviesController#index as HTML
  Parameters: {"ratings"=>{"PG"=>"1", "PG-13"=>"1"}, "sort"=>"title"}
  [1m[35mMovie Load (0.2ms)[0m  SELECT "movies".* FROM "movies" WHERE "movies"."rating" IN ('PG', 'PG-13')  ORDER BY "movies"."title" ASC
  Rendered movies/index.html.haml within layouts/application (2.8ms)
Completed 200 OK in 12ms (Views: 11.1ms | ActiveRecord: 0.2ms)


Started GET "/movies/9" for 165.91.12.153 at 2019-10-21 20:31:35 +0000
Processing by MoviesController#show as HTML
  Parameters: {"id"=>"9"}
  [1m[36mMovie Load (0.2ms)[0m  [1mSELECT  "movies".* FROM "movies" WHERE "movies"."id" = ? LIMIT 1[0m  [["id", 9]]
  Rendered movies/show.html.haml within layouts/application (1.0ms)
Completed 200 OK in 9ms (Views: 8.0ms | ActiveRecord: 0.2ms)


Started GET "/similar_movies/Raiders%20of%20the%20Lost%20Ark" for 165.91.12.153 at 2019-10-21 20:31:42 +0000
Processing by MoviesController#movie_with_same_director as HTML
  Parameters: {"title"=>"Raiders of the Lost Ark"}
  [1m[35mMovie Load (0.2ms)[0m  SELECT  "movies".* FROM "movies" WHERE "movies"."title" = ? LIMIT 1  [["title", "Raiders of the Lost Ark"]]
Redirected to https://eac5bb1fbddb45b3b90731c455357219.vfs.cloud9.us-east-2.amazonaws.com/movies
  [1m[36mCACHE (0.0ms)[0m  [1mSELECT  "movies".* FROM "movies" WHERE "movies"."title" = ? LIMIT 1[0m  [["title", "Raiders of the Lost Ark"]]
Completed 302 Found in 2ms (ActiveRecord: 0.2ms)


Started GET "/movies" for 165.91.12.153 at 2019-10-21 20:31:42 +0000
Processing by MoviesController#index as HTML
Redirected to https://eac5bb1fbddb45b3b90731c455357219.vfs.cloud9.us-east-2.amazonaws.com/movies?ratings%5BPG%5D=1&ratings%5BPG-13%5D=1&sort=title
Completed 302 Found in 1ms (ActiveRecord: 0.0ms)


Started GET "/movies?ratings%5BPG%5D=1&ratings%5BPG-13%5D=1&sort=title" for 165.91.12.153 at 2019-10-21 20:31:42 +0000
Processing by MoviesController#index as HTML
  Parameters: {"ratings"=>{"PG"=>"1", "PG-13"=>"1"}, "sort"=>"title"}
  [1m[35mMovie Load (0.2ms)[0m  SELECT "movies".* FROM "movies" WHERE "movies"."rating" IN ('PG', 'PG-13')  ORDER BY "movies"."title" ASC
  Rendered movies/index.html.haml within layouts/application (2.8ms)
Completed 200 OK in 11ms (Views: 9.7ms | ActiveRecord: 0.2ms)


Started GET "/movies?ratings%5BPG%5D=1&ratings%5BPG-13%5D=1&sort=title" for 165.91.12.153 at 2019-10-21 20:34:29 +0000
Processing by MoviesController#index as HTML
  Parameters: {"ratings"=>{"PG"=>"1", "PG-13"=>"1"}, "sort"=>"title"}
  [1m[36mMovie Load (0.2ms)[0m  [1mSELECT "movies".* FROM "movies" WHERE "movies"."rating" IN ('PG', 'PG-13')  ORDER BY "movies"."title" ASC[0m
  Rendered movies/index.html.haml within layouts/application (7.0ms)
Completed 200 OK in 18ms (Views: 14.8ms | ActiveRecord: 0.6ms)


Started GET "/movies/9" for 165.91.12.153 at 2019-10-21 20:34:30 +0000
Processing by MoviesController#show as HTML
  Parameters: {"id"=>"9"}
  [1m[35mMovie Load (0.2ms)[0m  SELECT  "movies".* FROM "movies" WHERE "movies"."id" = ? LIMIT 1  [["id", 9]]
  Rendered movies/show.html.haml within layouts/application (1.0ms)
Completed 200 OK in 10ms (Views: 8.6ms | ActiveRecord: 0.2ms)


Started GET "/similar_movies/Raiders%20of%20the%20Lost%20Ark" for 165.91.12.153 at 2019-10-21 20:34:31 +0000
Processing by MoviesController#movie_with_same_director as HTML
  Parameters: {"title"=>"Raiders of the Lost Ark"}
  [1m[36mMovie Load (0.2ms)[0m  [1mSELECT  "movies".* FROM "movies" WHERE "movies"."title" = ? LIMIT 1[0m  [["title", "Raiders of the Lost Ark"]]
Completed 500 Internal Server Error in 3ms (ActiveRecord: 0.2ms)

NoMethodError (undefined method `director' for nil:NilClass):
  app/controllers/movies_controller.rb:66:in `movie_with_same_director'


  Rendered /home/ec2-user/.rvm/gems/ruby-2.4.0/gems/actionpack-4.2.10/lib/action_dispatch/middleware/templates/rescues/_source.erb (3.8ms)
  Rendered /home/ec2-user/.rvm/gems/ruby-2.4.0/gems/actionpack-4.2.10/lib/action_dispatch/middleware/templates/rescues/_trace.html.erb (1.8ms)
  Rendered /home/ec2-user/.rvm/gems/ruby-2.4.0/gems/actionpack-4.2.10/lib/action_dispatch/middleware/templates/rescues/_request_and_response.html.erb (1.0ms)
  Rendered /home/ec2-user/.rvm/gems/ruby-2.4.0/gems/actionpack-4.2.10/lib/action_dispatch/middleware/templates/rescues/diagnostics.html.erb within rescues/layout (19.0ms)


Started GET "/similar_movies/Raiders%20of%20the%20Lost%20Ark" for 165.91.12.153 at 2019-10-21 20:35:38 +0000
Processing by MoviesController#movie_with_same_director as HTML
  Parameters: {"title"=>"Raiders of the Lost Ark"}
  [1m[35mMovie Load (0.2ms)[0m  SELECT  "movies".* FROM "movies" WHERE "movies"."title" = ? LIMIT 1  [["title", "Raiders of the Lost Ark"]]
Completed 500 Internal Server Error in 8ms (ActiveRecord: 0.6ms)

NoMethodError (undefined method `director' for nil:NilClass):
  app/controllers/movies_controller.rb:66:in `movie_with_same_director'


  Rendered /home/ec2-user/.rvm/gems/ruby-2.4.0/gems/actionpack-4.2.10/lib/action_dispatch/middleware/templates/rescues/_source.erb (3.7ms)
  Rendered /home/ec2-user/.rvm/gems/ruby-2.4.0/gems/actionpack-4.2.10/lib/action_dispatch/middleware/templates/rescues/_trace.html.erb (1.9ms)
  Rendered /home/ec2-user/.rvm/gems/ruby-2.4.0/gems/actionpack-4.2.10/lib/action_dispatch/middleware/templates/rescues/_request_and_response.html.erb (1.0ms)
  Rendered /home/ec2-user/.rvm/gems/ruby-2.4.0/gems/actionpack-4.2.10/lib/action_dispatch/middleware/templates/rescues/diagnostics.html.erb within rescues/layout (19.2ms)


Started GET "/similar_movies/Raiders%20of%20the%20Lost%20Ark" for 165.91.12.153 at 2019-10-21 20:35:57 +0000
Processing by MoviesController#movie_with_same_director as HTML
  Parameters: {"title"=>"Raiders of the Lost Ark"}
  [1m[36mMovie Load (0.1ms)[0m  [1mSELECT  "movies".* FROM "movies" WHERE "movies"."title" = ? LIMIT 1[0m  [["title", "Raiders of the Lost Ark"]]
Redirected to https://eac5bb1fbddb45b3b90731c455357219.vfs.cloud9.us-east-2.amazonaws.com/movies
  [1m[35mCACHE (0.0ms)[0m  SELECT  "movies".* FROM "movies" WHERE "movies"."title" = ? LIMIT 1  [["title", "Raiders of the Lost Ark"]]
Completed 302 Found in 8ms (ActiveRecord: 0.6ms)


Started GET "/movies" for 165.91.12.153 at 2019-10-21 20:35:58 +0000
Processing by MoviesController#index as HTML
Redirected to https://eac5bb1fbddb45b3b90731c455357219.vfs.cloud9.us-east-2.amazonaws.com/movies?ratings%5BPG%5D=1&ratings%5BPG-13%5D=1&sort=title
Completed 302 Found in 1ms (ActiveRecord: 0.0ms)


Started GET "/movies?ratings%5BPG%5D=1&ratings%5BPG-13%5D=1&sort=title" for 165.91.12.153 at 2019-10-21 20:35:58 +0000
Processing by MoviesController#index as HTML
  Parameters: {"ratings"=>{"PG"=>"1", "PG-13"=>"1"}, "sort"=>"title"}
  [1m[36mMovie Load (0.2ms)[0m  [1mSELECT "movies".* FROM "movies" WHERE "movies"."rating" IN ('PG', 'PG-13')  ORDER BY "movies"."title" ASC[0m
  Rendered movies/index.html.haml within layouts/application (2.7ms)
Completed 200 OK in 13ms (Views: 12.0ms | ActiveRecord: 0.2ms)


Started GET "/movies/9" for 165.91.12.153 at 2019-10-21 20:36:51 +0000
Processing by MoviesController#show as HTML
  Parameters: {"id"=>"9"}
  [1m[35mMovie Load (0.1ms)[0m  SELECT  "movies".* FROM "movies" WHERE "movies"."id" = ? LIMIT 1  [["id", 9]]
  Rendered movies/show.html.haml within layouts/application (1.1ms)
Completed 200 OK in 17ms (Views: 9.8ms | ActiveRecord: 0.5ms)


Started GET "/similar_movies/Raiders%20of%20the%20Lost%20Ark" for 165.91.12.153 at 2019-10-21 20:36:53 +0000
Processing by MoviesController#movie_with_same_director as HTML
  Parameters: {"title"=>"Raiders of the Lost Ark"}
  [1m[36mMovie Load (0.2ms)[0m  [1mSELECT  "movies".* FROM "movies" WHERE "movies"."title" = ? LIMIT 1[0m  [["title", "Raiders of the Lost Ark"]]
Redirected to https://eac5bb1fbddb45b3b90731c455357219.vfs.cloud9.us-east-2.amazonaws.com/movies
  [1m[35mCACHE (0.0ms)[0m  SELECT  "movies".* FROM "movies" WHERE "movies"."title" = ? LIMIT 1  [["title", "Raiders of the Lost Ark"]]
Completed 302 Found in 3ms (ActiveRecord: 0.2ms)


Started GET "/movies" for 165.91.12.153 at 2019-10-21 20:36:53 +0000
Processing by MoviesController#index as HTML
Redirected to https://eac5bb1fbddb45b3b90731c455357219.vfs.cloud9.us-east-2.amazonaws.com/movies?ratings%5BPG%5D=1&ratings%5BPG-13%5D=1&sort=title
Completed 302 Found in 1ms (ActiveRecord: 0.0ms)


Started GET "/movies?ratings%5BPG%5D=1&ratings%5BPG-13%5D=1&sort=title" for 165.91.12.153 at 2019-10-21 20:36:53 +0000
Processing by MoviesController#index as HTML
  Parameters: {"ratings"=>{"PG"=>"1", "PG-13"=>"1"}, "sort"=>"title"}
  [1m[36mMovie Load (0.3ms)[0m  [1mSELECT "movies".* FROM "movies" WHERE "movies"."rating" IN ('PG', 'PG-13')  ORDER BY "movies"."title" ASC[0m
  Rendered movies/index.html.haml within layouts/application (3.1ms)
Completed 200 OK in 11ms (Views: 10.3ms | ActiveRecord: 0.3ms)


Started GET "/movies?utf8=%E2%9C%93&title_sort=true&ratings%5BG%5D=1&ratings%5BPG%5D=1&ratings%5BPG-13%5D=1&ratings%5BNC-17%5D=1&ratings%5BR%5D=1&commit=Refresh" for 165.91.12.153 at 2019-10-21 21:27:20 +0000
Processing by MoviesController#index as HTML
  Parameters: {"utf8"=>"✓", "title_sort"=>"true", "ratings"=>{"G"=>"1", "PG"=>"1", "PG-13"=>"1", "NC-17"=>"1", "R"=>"1"}, "commit"=>"Refresh"}
Redirected to https://eac5bb1fbddb45b3b90731c455357219.vfs.cloud9.us-east-2.amazonaws.com/movies?ratings%5BG%5D=1&ratings%5BNC-17%5D=1&ratings%5BPG%5D=1&ratings%5BPG-13%5D=1&ratings%5BR%5D=1&sort=title
Completed 302 Found in 1ms (ActiveRecord: 0.0ms)


Started GET "/movies?ratings%5BG%5D=1&ratings%5BNC-17%5D=1&ratings%5BPG%5D=1&ratings%5BPG-13%5D=1&ratings%5BR%5D=1&sort=title" for 165.91.12.153 at 2019-10-21 21:27:20 +0000
Processing by MoviesController#index as HTML
  Parameters: {"ratings"=>{"G"=>"1", "NC-17"=>"1", "PG"=>"1", "PG-13"=>"1", "R"=>"1"}, "sort"=>"title"}
  [1m[35mMovie Load (0.2ms)[0m  SELECT "movies".* FROM "movies" WHERE "movies"."rating" IN ('G', 'NC-17', 'PG', 'PG-13', 'R')  ORDER BY "movies"."title" ASC
  Rendered movies/index.html.haml within layouts/application (3.9ms)
Completed 200 OK in 12ms (Views: 10.8ms | ActiveRecord: 0.2ms)


Started GET "/" for 165.91.12.153 at 2019-10-22 05:41:42 +0000


Started GET "/movies" for 165.91.12.153 at 2019-10-22 05:41:42 +0000
Processing by MoviesController#index as HTML
Redirected to https://eac5bb1fbddb45b3b90731c455357219.vfs.cloud9.us-east-2.amazonaws.com/movies?ratings%5BG%5D=1&ratings%5BNC-17%5D=1&ratings%5BPG%5D=1&ratings%5BPG-13%5D=1&ratings%5BR%5D=1&sort=title
Completed 302 Found in 30ms (ActiveRecord: 0.0ms)


Started GET "/movies?ratings%5BG%5D=1&ratings%5BNC-17%5D=1&ratings%5BPG%5D=1&ratings%5BPG-13%5D=1&ratings%5BR%5D=1&sort=title" for 165.91.12.153 at 2019-10-22 05:41:43 +0000
Processing by MoviesController#index as HTML
  Parameters: {"ratings"=>{"G"=>"1", "NC-17"=>"1", "PG"=>"1", "PG-13"=>"1", "R"=>"1"}, "sort"=>"title"}
  [1m[36mMovie Load (0.2ms)[0m  [1mSELECT "movies".* FROM "movies" WHERE "movies"."rating" IN ('G', 'NC-17', 'PG', 'PG-13', 'R')  ORDER BY "movies"."title" ASC[0m
  Rendered movies/index.html.haml within layouts/application (36.5ms)
Completed 200 OK in 196ms (Views: 187.5ms | ActiveRecord: 2.4ms)


Started GET "/movies?utf8=%E2%9C%93&title_sort=true&ratings%5BG%5D=1&ratings%5BPG%5D=1&ratings%5BPG-13%5D=1&commit=Refresh" for 165.91.12.153 at 2019-10-22 05:41:50 +0000
Processing by MoviesController#index as HTML
  Parameters: {"utf8"=>"✓", "title_sort"=>"true", "ratings"=>{"G"=>"1", "PG"=>"1", "PG-13"=>"1"}, "commit"=>"Refresh"}
Redirected to https://eac5bb1fbddb45b3b90731c455357219.vfs.cloud9.us-east-2.amazonaws.com/movies?ratings%5BG%5D=1&ratings%5BPG%5D=1&ratings%5BPG-13%5D=1&sort=title
Completed 302 Found in 1ms (ActiveRecord: 0.0ms)


Started GET "/movies?ratings%5BG%5D=1&ratings%5BPG%5D=1&ratings%5BPG-13%5D=1&sort=title" for 165.91.12.153 at 2019-10-22 05:41:50 +0000
Processing by MoviesController#index as HTML
  Parameters: {"ratings"=>{"G"=>"1", "PG"=>"1", "PG-13"=>"1"}, "sort"=>"title"}
  [1m[35mMovie Load (0.2ms)[0m  SELECT "movies".* FROM "movies" WHERE "movies"."rating" IN ('G', 'PG', 'PG-13')  ORDER BY "movies"."title" ASC
  Rendered movies/index.html.haml within layouts/application (3.3ms)
Completed 200 OK in 11ms (Views: 10.0ms | ActiveRecord: 0.2ms)


Started GET "/movies?ratings%5BG%5D=1&ratings%5BPG%5D=1&ratings%5BPG-13%5D=1&sort=release_date" for 165.91.12.153 at 2019-10-22 05:41:54 +0000
Processing by MoviesController#index as HTML
  Parameters: {"ratings"=>{"G"=>"1", "PG"=>"1", "PG-13"=>"1"}, "sort"=>"release_date"}
Redirected to https://eac5bb1fbddb45b3b90731c455357219.vfs.cloud9.us-east-2.amazonaws.com/movies?ratings%5BG%5D=1&ratings%5BPG%5D=1&ratings%5BPG-13%5D=1&sort=release_date
Completed 302 Found in 1ms (ActiveRecord: 0.0ms)


Started GET "/movies?ratings%5BG%5D=1&ratings%5BPG%5D=1&ratings%5BPG-13%5D=1&sort=release_date" for 165.91.12.153 at 2019-10-22 05:41:54 +0000
Processing by MoviesController#index as HTML
  Parameters: {"ratings"=>{"G"=>"1", "PG"=>"1", "PG-13"=>"1"}, "sort"=>"release_date"}
  [1m[36mMovie Load (0.2ms)[0m  [1mSELECT "movies".* FROM "movies" WHERE "movies"."rating" IN ('G', 'PG', 'PG-13')  ORDER BY "movies"."release_date" ASC[0m
  Rendered movies/index.html.haml within layouts/application (3.3ms)
Completed 200 OK in 11ms (Views: 9.9ms | ActiveRecord: 0.2ms)


Started GET "/movies/1" for 165.91.12.153 at 2019-10-22 05:41:56 +0000
Processing by MoviesController#show as HTML
  Parameters: {"id"=>"1"}
  [1m[35mMovie Load (1.2ms)[0m  SELECT  "movies".* FROM "movies" WHERE "movies"."id" = ? LIMIT 1  [["id", 1]]
  Rendered movies/show.html.haml within layouts/application (5.4ms)
Completed 200 OK in 15ms (Views: 12.3ms | ActiveRecord: 1.2ms)


Started GET "/similar_movies/Aladdin" for 165.91.12.153 at 2019-10-22 05:42:00 +0000
Processing by MoviesController#movie_with_same_director as HTML
  Parameters: {"title"=>"Aladdin"}
  [1m[36mMovie Load (0.2ms)[0m  [1mSELECT  "movies".* FROM "movies" WHERE "movies"."title" = ? LIMIT 1[0m  [["title", "Aladdin"]]
Redirected to https://eac5bb1fbddb45b3b90731c455357219.vfs.cloud9.us-east-2.amazonaws.com/movies
  [1m[35mCACHE (0.0ms)[0m  SELECT  "movies".* FROM "movies" WHERE "movies"."title" = ? LIMIT 1  [["title", "Aladdin"]]
Completed 302 Found in 3ms (ActiveRecord: 0.2ms)


Started GET "/movies" for 165.91.12.153 at 2019-10-22 05:42:00 +0000
Processing by MoviesController#index as HTML
Redirected to https://eac5bb1fbddb45b3b90731c455357219.vfs.cloud9.us-east-2.amazonaws.com/movies?ratings%5BG%5D=1&ratings%5BPG%5D=1&ratings%5BPG-13%5D=1&sort=release_date
Completed 302 Found in 1ms (ActiveRecord: 0.0ms)


Started GET "/movies?ratings%5BG%5D=1&ratings%5BPG%5D=1&ratings%5BPG-13%5D=1&sort=release_date" for 165.91.12.153 at 2019-10-22 05:42:00 +0000
Processing by MoviesController#index as HTML
  Parameters: {"ratings"=>{"G"=>"1", "PG"=>"1", "PG-13"=>"1"}, "sort"=>"release_date"}
  [1m[36mMovie Load (0.2ms)[0m  [1mSELECT "movies".* FROM "movies" WHERE "movies"."rating" IN ('G', 'PG', 'PG-13')  ORDER BY "movies"."release_date" ASC[0m
  Rendered movies/index.html.haml within layouts/application (3.3ms)
Completed 200 OK in 11ms (Views: 10.0ms | ActiveRecord: 0.2ms)


Started GET "/movies/4" for 165.91.12.153 at 2019-10-22 05:42:03 +0000
Processing by MoviesController#show as HTML
  Parameters: {"id"=>"4"}
  [1m[35mMovie Load (0.1ms)[0m  SELECT  "movies".* FROM "movies" WHERE "movies"."id" = ? LIMIT 1  [["id", 4]]
  Rendered movies/show.html.haml within layouts/application (1.0ms)
Completed 200 OK in 9ms (Views: 7.7ms | ActiveRecord: 0.1ms)


Started GET "/similar_movies/The%20Help" for 165.91.12.153 at 2019-10-22 05:42:06 +0000
Processing by MoviesController#movie_with_same_director as HTML
  Parameters: {"title"=>"The Help"}
  [1m[36mMovie Load (0.1ms)[0m  [1mSELECT  "movies".* FROM "movies" WHERE "movies"."title" = ? LIMIT 1[0m  [["title", "The Help"]]
  [1m[35m (0.1ms)[0m  SELECT "movies"."title" FROM "movies" WHERE "movies"."director" = ?  [["director", "ABC"]]
  [1m[36mCACHE (0.0ms)[0m  [1mSELECT  "movies".* FROM "movies" WHERE "movies"."title" = ? LIMIT 1[0m  [["title", "The Help"]]
  Rendered movies/movie_with_same_director.html.haml within layouts/application (1.2ms)
Completed 200 OK in 11ms (Views: 8.4ms | ActiveRecord: 0.2ms)


Started GET "/movies" for 165.91.12.153 at 2019-10-22 05:42:09 +0000
Processing by MoviesController#index as HTML
Redirected to https://eac5bb1fbddb45b3b90731c455357219.vfs.cloud9.us-east-2.amazonaws.com/movies?ratings%5BG%5D=1&ratings%5BPG%5D=1&ratings%5BPG-13%5D=1&sort=release_date
Completed 302 Found in 1ms (ActiveRecord: 0.0ms)


Started GET "/movies?ratings%5BG%5D=1&ratings%5BPG%5D=1&ratings%5BPG-13%5D=1&sort=release_date" for 165.91.12.153 at 2019-10-22 05:42:09 +0000
Processing by MoviesController#index as HTML
  Parameters: {"ratings"=>{"G"=>"1", "PG"=>"1", "PG-13"=>"1"}, "sort"=>"release_date"}
  [1m[35mMovie Load (0.2ms)[0m  SELECT "movies".* FROM "movies" WHERE "movies"."rating" IN ('G', 'PG', 'PG-13')  ORDER BY "movies"."release_date" ASC
  Rendered movies/index.html.haml within layouts/application (3.3ms)
Completed 200 OK in 11ms (Views: 10.0ms | ActiveRecord: 0.2ms)


Started GET "/movies/5" for 165.91.12.153 at 2019-10-22 05:42:16 +0000
Processing by MoviesController#show as HTML
  Parameters: {"id"=>"5"}
  [1m[36mMovie Load (0.1ms)[0m  [1mSELECT  "movies".* FROM "movies" WHERE "movies"."id" = ? LIMIT 1[0m  [["id", 5]]
  Rendered movies/show.html.haml within layouts/application (0.9ms)
Completed 200 OK in 8ms (Views: 7.6ms | ActiveRecord: 0.1ms)


Started GET "/similar_movies/Chocolat" for 165.91.12.153 at 2019-10-22 05:42:17 +0000
Processing by MoviesController#movie_with_same_director as HTML
  Parameters: {"title"=>"Chocolat"}
  [1m[35mMovie Load (0.1ms)[0m  SELECT  "movies".* FROM "movies" WHERE "movies"."title" = ? LIMIT 1  [["title", "Chocolat"]]
  [1m[36m (0.1ms)[0m  [1mSELECT "movies"."title" FROM "movies" WHERE "movies"."director" = ?[0m  [["director", "Lasse Hallstrom"]]
  [1m[35mCACHE (0.0ms)[0m  SELECT  "movies".* FROM "movies" WHERE "movies"."title" = ? LIMIT 1  [["title", "Chocolat"]]
  Rendered movies/movie_with_same_director.html.haml within layouts/application (0.3ms)
Completed 200 OK in 10ms (Views: 7.4ms | ActiveRecord: 0.2ms)


Started GET "/movies" for 165.91.12.153 at 2019-10-22 05:42:27 +0000
Processing by MoviesController#index as HTML
Redirected to https://eac5bb1fbddb45b3b90731c455357219.vfs.cloud9.us-east-2.amazonaws.com/movies?ratings%5BG%5D=1&ratings%5BPG%5D=1&ratings%5BPG-13%5D=1&sort=release_date
Completed 302 Found in 1ms (ActiveRecord: 0.0ms)


Started GET "/movies?ratings%5BG%5D=1&ratings%5BPG%5D=1&ratings%5BPG-13%5D=1&sort=release_date" for 165.91.12.153 at 2019-10-22 05:42:27 +0000
Processing by MoviesController#index as HTML
  Parameters: {"ratings"=>{"G"=>"1", "PG"=>"1", "PG-13"=>"1"}, "sort"=>"release_date"}
  [1m[36mMovie Load (0.2ms)[0m  [1mSELECT "movies".* FROM "movies" WHERE "movies"."rating" IN ('G', 'PG', 'PG-13')  ORDER BY "movies"."release_date" ASC[0m
  Rendered movies/index.html.haml within layouts/application (3.3ms)
Completed 200 OK in 11ms (Views: 10.0ms | ActiveRecord: 0.2ms)


Started GET "/movies?utf8=%E2%9C%93&%3Arelease_date_sort=true&ratings%5BG%5D=1&ratings%5BPG%5D=1&ratings%5BPG-13%5D=1&commit=Refresh" for 165.91.12.153 at 2019-10-22 05:42:30 +0000
Processing by MoviesController#index as HTML
  Parameters: {"utf8"=>"✓", ":release_date_sort"=>"true", "ratings"=>{"G"=>"1", "PG"=>"1", "PG-13"=>"1"}, "commit"=>"Refresh"}
Redirected to https://eac5bb1fbddb45b3b90731c455357219.vfs.cloud9.us-east-2.amazonaws.com/movies?ratings%5BG%5D=1&ratings%5BPG%5D=1&ratings%5BPG-13%5D=1&sort=release_date
Completed 302 Found in 1ms (ActiveRecord: 0.0ms)


Started GET "/movies?ratings%5BG%5D=1&ratings%5BPG%5D=1&ratings%5BPG-13%5D=1&sort=release_date" for 165.91.12.153 at 2019-10-22 05:42:30 +0000
Processing by MoviesController#index as HTML
  Parameters: {"ratings"=>{"G"=>"1", "PG"=>"1", "PG-13"=>"1"}, "sort"=>"release_date"}
  [1m[35mMovie Load (0.2ms)[0m  SELECT "movies".* FROM "movies" WHERE "movies"."rating" IN ('G', 'PG', 'PG-13')  ORDER BY "movies"."release_date" ASC
  Rendered movies/index.html.haml within layouts/application (3.4ms)
Completed 200 OK in 11ms (Views: 10.2ms | ActiveRecord: 0.2ms)


Started GET "/movies?utf8=%E2%9C%93&%3Arelease_date_sort=true&commit=Refresh" for 165.91.12.153 at 2019-10-22 05:42:36 +0000
Processing by MoviesController#index as HTML
  Parameters: {"utf8"=>"✓", ":release_date_sort"=>"true", "commit"=>"Refresh"}
Redirected to https://eac5bb1fbddb45b3b90731c455357219.vfs.cloud9.us-east-2.amazonaws.com/movies?ratings%5BG%5D=1&ratings%5BPG%5D=1&ratings%5BPG-13%5D=1&sort=release_date
Completed 302 Found in 1ms (ActiveRecord: 0.0ms)


Started GET "/movies?ratings%5BG%5D=1&ratings%5BPG%5D=1&ratings%5BPG-13%5D=1&sort=release_date" for 165.91.12.153 at 2019-10-22 05:42:36 +0000
Processing by MoviesController#index as HTML
  Parameters: {"ratings"=>{"G"=>"1", "PG"=>"1", "PG-13"=>"1"}, "sort"=>"release_date"}
  [1m[36mMovie Load (0.2ms)[0m  [1mSELECT "movies".* FROM "movies" WHERE "movies"."rating" IN ('G', 'PG', 'PG-13')  ORDER BY "movies"."release_date" ASC[0m
  Rendered movies/index.html.haml within layouts/application (3.4ms)
Completed 200 OK in 11ms (Views: 10.3ms | ActiveRecord: 0.2ms)
